Iteration	Posterior	Likelihood	Prior	rate_log_sd	rate_loss	rate_neo	tree_length
0	-248.0645	-360.0479	111.9834	1.564205	4.143084	4.817872	0.3731122
6	-242.6396	-355.6234	112.9838	1.564205	4.296891	2.160705	0.3949135
12	-255.152	-368.6114	113.4594	1.927182	2.519722	1.951351	0.5065705
18	-255.9126	-368.6449	112.7322	1.513843	2.094375	5.520425	0.591697
24	-255.5214	-367.5352	112.0137	1.368688	2.714286	7.514594	0.7740761
30	-256.4073	-367.6234	111.2161	1.368688	3.816556	10.17905	0.512802
36	-257.3599	-371.5797	114.2198	1.382093	1.403809	2.777497	0.6430816
42	-260.1097	-374.3197	114.2099	1.524583	3.331461	1.009424	0.5872042
48	-246.9558	-359.5628	112.607	1.524583	2.349116	5.468445	0.5536615
54	-243.2406	-354.368	111.1274	1.524583	3.1987	11.18212	0.4174526
60	-244.3977	-356.8016	112.4039	1.282106	2.915548	6.159149	0.4272564
66	-245.2489	-359.0176	113.7688	1.196947	2.761587	2.177222	0.8600861
72	-253.6049	-366.4683	112.8634	1.022967	2.522151	4.991955	0.9855805
78	-247.4413	-361.587	114.1457	1.022967	1.727772	2.695118	0.9673771
84	-247.6526	-359.8318	112.1792	0.6122994	2.512689	6.095997	1.650637
90	-252.8432	-364.6115	111.7683	0.680687	3.366174	6.348494	1.587634
96	-248.2739	-360.7066	112.4328	0.680687	2.931509	6.348494	1.207388
102	-250.4453	-363.7228	113.2775	0.6608901	2.931509	2.503955	1.543846
108	-252.3731	-364.5031	112.1301	1.105633	3.039462	5.710168	1.194778
114	-243.5264	-355.1529	111.6265	0.6198645	2.916965	4.855401	2.116183
120	-242.9432	-354.6622	111.719	0.3902339	3.287329	4.799334	2.116183
126	-241.8693	-354.1268	112.2575	0.760375	2.104492	7.999538	1.337402
132	-247.1032	-359.6723	112.5692	1.329548	2.314269	6.183958	0.7263125
138	-250.6334	-365.2248	114.5914	1.329297	2.614657	0.6258071	1.251821
144	-256.0365	-365.5277	109.4913	1.370788	2.984234	18.74018	1.597103
150	-246.6506	-360.5736	113.923	0.5467926	2.195855	1.545132	1.821047
156	-258.3762	-371.9404	113.5642	1.14908	3.118089	1.860875	1.144175
162	-258.9205	-370.8123	111.8918	0.8847666	3.386856	7.31462	1.156658
168	-266.0821	-378.5271	112.445	0.845091	3.473798	5.524139	1.031238
174	-256.8255	-367.7824	110.9568	0.5544359	3.865435	10.36149	1.594051
180	-255.1747	-368.4041	113.2294	0.5135472	3.812577	2.714951	1.355226
186	-253.3001	-363.8909	110.5908	0.7858908	2.319694	13.91367	1.811705
192	-249.7056	-364.1869	114.4814	0.8967226	1.805434	2.254661	0.9239273
198	-248.95	-362.3856	113.4355	1.428852	1.805434	3.948577	0.6420102
204	-259.353	-373.2015	113.8485	1.428852	1.267283	3.948577	0.5802698
210	-263.3996	-374.7058	111.3062	1.202264	2.510653	13.84373	0.7809802
216	-269.3969	-383.3906	113.9937	1.202264	2.095431	2.647993	0.6663704
222	-267.5489	-380.3996	112.8508	1.202264	2.880405	4.640398	0.6970245
228	-256.963	-369.0801	112.1172	1.290876	1.614178	11.33419	0.6970245
234	-239.2482	-353.5485	114.3003	1.290876	3.532628	1.028111	0.6970245
240	-246.7852	-358.5511	111.7659	1.290876	3.532628	7.740579	0.682895
246	-247.2121	-359.3876	112.1755	1.290876	2.672902	7.683316	0.5843555
252	-251.533	-364.7779	113.245	0.7049273	3.34964	2.605352	1.367105
258	-247.9687	-361.1342	113.1655	0.7049273	3.102827	3.376809	1.244355
264	-247.5551	-360.5562	113.0012	0.7048126	3.348542	3.802036	1.166984
270	-249.2568	-363.0392	113.7824	0.8234751	2.215702	3.270604	0.9940869
276	-252.8191	-366.1034	113.2842	0.6835607	2.986147	3.815378	1.058892
282	-252.2033	-364.6249	112.4216	0.3877442	3.087387	5.634326	1.531727
288	-246.6043	-358.8759	112.2716	0.4402159	3.087387	7.227087	1.326374
294	-250.7536	-363.7687	113.0152	0.8000287	2.434502	4.332269	1.266275
300	-253.8661	-367.6854	113.8193	0.3192212	2.183154	2.113501	1.806247
306	-245.7737	-358.9109	113.1371	0.8189051	2.617216	3.120672	1.42922
312	-248.2203	-359.7956	111.5753	0.5306887	2.617216	4.897323	2.287247
318	-256.0037	-368.4143	112.4106	0.4531303	3.443859	2.074896	2.287247
324	-250.163	-362.1147	111.9517	0.5325819	3.243245	4.590013	1.919591
330	-250.0235	-362.2512	112.2276	0.5681881	2.182004	4.590013	2.041145
336	-253.9633	-366.2257	112.2624	0.7466652	3.876331	3.535038	1.635927
342	-258.1531	-371.1564	113.0033	0.9397549	6.934622	1.689082	0.9253254
348	-243.9173	-357.7826	113.8652	0.8647297	2.854139	2.192478	1.055341
354	-254.1094	-364.6258	110.5164	1.308414	3.664536	13.9411	0.9981138
360	-256.31	-368.998	112.688	0.849091	3.54722	3.746556	1.263071
366	-254.3477	-366.1526	111.8049	0.7176124	4.12202	6.693408	1.263071
372	-255.7908	-368.2537	112.463	1.098969	2.203135	7.99891	0.7468331
378	-261.7085	-373.9459	112.2374	1.098969	3.44854	5.925412	0.8873658
384	-262.0252	-376.083	114.0578	1.120886	2.439241	2.127054	0.8212386
390	-260.6836	-373.6432	112.9596	1.302875	3.417194	3.235901	0.7799225
396	-264.4894	-377.5382	113.0488	1.297492	2.798356	4.012863	0.5423487
402	-253.1365	-366.1496	113.0132	1.297492	2.387182	4.689779	0.6140598
408	-256.968	-368.7711	111.8032	1.416406	2.698758	5.118222	1.45384
414	-238.1687	-350.5735	112.4048	1.143464	3.360163	5.856533	0.6551654
420	-237.6304	-349.718	112.0876	1.339106	3.672739	5.856533	0.6647581
426	-242.5495	-355.9205	113.371	1.339106	2.75634	2.898007	0.7336533
432	-236.6564	-350.1975	113.541	1.339106	2.056228	3.213243	0.8110887
438	-245.7643	-357.7867	112.0224	1.268225	3.589108	6.765377	0.4827493
444	-245.0817	-357.9734	112.8917	1.048947	3.563682	3.571508	0.9447146
450	-248.1845	-361.9822	113.7977	1.048947	2.181892	3.17143	0.7842461
456	-247.0128	-360.4178	113.4051	1.035092	4.084649	2.31496	0.7858536
462	-231.8995	-345.4807	113.5811	1.035092	3.74823	2.275272	0.7269593
468	-233.0862	-346.1285	113.0423	1.309183	3.360173	3.338243	0.4402252
474	-233.4307	-344.9227	111.492	1.314964	3.950862	8.569524	0.5048902
480	-244.6502	-356.7494	112.0991	1.193879	2.782479	7.872538	0.7568279
486	-240.8783	-352.994	112.1157	0.9268876	2.602297	8.027739	1.092525
492	-255.7188	-369.4401	113.7213	0.6478813	3.413508	2.256284	1.143875
498	-245.4367	-358.0951	112.6584	0.622016	6.070991	2.933137	1.117408
504	-241.7917	-355.285	113.4932	0.6817788	3.441286	1.867251	1.474079
510	-236.397	-349.8393	113.4423	0.8391912	3.054129	2.932754	1.058994
516	-245.6868	-359.0447	113.3579	1.134219	3.423613	2.932754	0.5708206
522	-252.6125	-366.2486	113.636	1.134219	3.423613	1.926608	0.9329611
528	-266.7036	-380.7271	114.0234	1.140132	2.129907	1.602846	1.30549
534	-254.2412	-367.7352	113.494	0.7127458	2.523163	3.545653	1.122825
540	-255.9882	-368.9538	112.9655	0.775174	3.183825	2.656974	1.557651
546	-256.0309	-369.2064	113.1755	0.5798253	5.189059	2.319567	1.153738
552	-249.4587	-362.205	112.7463	0.7205951	3.321543	4.620163	1.153738
558	-245.8747	-359.2341	113.3594	0.9086797	2.817478	3.027718	1.128262
564	-242.6851	-355.097	112.4119	0.623515	3.757439	5.737358	1.121614
570	-247.2829	-360.3263	113.0434	0.3806439	8.359345	2.188031	0.8523147
576	-251.5549	-363.5791	112.0242	0.4881053	6.370313	2.689211	1.74344
582	-245.4361	-358.0766	112.6405	0.290714	3.028678	4.092696	1.781016
588	-263.2094	-376.4585	113.2492	0.6429323	3.34397	2.50975	1.449402
594	-267.3969	-380.1086	112.7118	0.4428593	2.355679	6.061875	1.446593
600	-268.8669	-381.1033	112.2364	0.189872	2.078453	3.697196	2.503291
606	-262.7601	-373.8877	111.1276	0.718065	4.745108	9.545892	1.216383
612	-254.1826	-367.9141	113.7315	0.7878535	3.584628	2.437482	0.8285568
618	-272.4175	-383.0897	110.6722	0.7698218	3.16972	13.37299	1.533322
624	-278.2411	-391.6976	113.4564	0.4664564	2.152044	3.06681	1.646789
630	-270.1267	-380.9525	110.8258	0.8319494	2.152044	12.28358	1.821124
636	-259.2032	-372.5148	113.3116	1.38365	2.234904	3.358755	0.8466769
642	-258.6746	-370.2453	111.5708	0.9267887	5.594282	7.201415	0.7440802
648	-254.8512	-367.7137	112.8625	0.7487987	2.691899	2.306046	1.920352
654	-239.0444	-351.7587	112.7144	1.069399	4.311485	2.306046	1.350357
660	-241.4695	-355.757	114.2875	1.069399	1.349121	1.867539	1.423732
666	-244.1897	-357.3415	113.1517	1.305011	4.104251	1.992348	0.967886
672	-252.0426	-363.4902	111.4477	0.7455105	8.105704	6.154784	0.7256363
678	-253.2111	-365.1063	111.8952	0.6727527	10.56238	2.349312	1.2442
684	-238.99	-352.3486	113.3586	1.172221	2.591133	3.543409	0.7284829
690	-242.5874	-354.5821	111.9947	0.932581	4.490498	5.606445	1.028085
696	-241.6206	-353.1197	111.4991	0.932581	4.490498	9.351538	0.7044396
702	-242.059	-355.4463	113.3874	0.9186235	2.705118	3.800321	0.8374754
708	-249.0944	-363.6359	114.5414	1.151456	3.645201	0.9272628	0.6105975
714	-243.2671	-356.106	112.8389	1.323251	2.482707	4.404217	0.8972927
720	-258.2448	-367.0806	108.8358	1.151939	2.136651	52.08731	1.104845
726	-252.6598	-364.8834	112.2236	0.9167886	1.905806	7.752944	1.370171
732	-248.0229	-361.7123	113.6894	1.209039	1.946529	2.997186	0.9663213
738	-258.0826	-371.2268	113.1442	1.037906	1.916425	3.893587	1.317576
744	-264.9074	-378.3002	113.3928	1.151539	2.961834	2.772368	0.9028497
750	-273.3893	-385.3242	111.9349	0.8035246	3.03127	9.065152	1.021846
756	-266.507	-376.4343	109.9273	0.9796757	1.695556	31.83849	1.356068
762	-262.1736	-376.1063	113.9327	0.6245887	1.502756	4.013671	1.20083
768	-269.9947	-383.5511	113.5564	1.217733	1.43171	4.50151	0.8925069
774	-274.2199	-387.3127	113.0928	1.119041	1.086925	8.900156	0.6981275
780	-264.1631	-377.3176	113.1545	1.119041	5.053307	2.18474	0.6981275
786	-254.7998	-367.6243	112.8245	1.124861	2.154712	4.998188	1.106438
792	-252.3952	-365.447	113.0519	1.257963	2.668575	4.105286	0.7087092
798	-249.5377	-362.5242	112.9865	1.257963	2.249397	4.718872	0.8287977
804	-251.9926	-365.4588	113.4662	1.374806	3.925178	1.909791	0.4837049
810	-258.2607	-370.9668	112.7062	1.374806	4.606106	2.978788	0.5285915
816	-252.5215	-365.6623	113.1408	1.202471	3.420138	3.025522	0.7861459
822	-258.9556	-372.6215	113.6659	0.8888262	1.914518	2.501427	1.471187
828	-244.5865	-356.8429	112.2564	0.9806596	3.33431	6.650915	0.857765
834	-246.2854	-358.8977	112.6123	0.598653	2.599311	5.809743	1.356681
840	-249.8578	-362.8416	112.9838	0.7622708	3.172316	3.873639	1.171331
846	-246.528	-360.0821	113.5541	1.126466	3.172316	1.799952	1.186966
852	-243.9848	-356.7416	112.7567	0.5715811	5.777905	2.807803	1.186966
858	-247.1359	-360.1497	113.0138	0.4644095	3.555232	3.219014	1.464478
864	-246.5904	-359.3744	112.784	0.8002364	1.871313	3.244259	1.945262
870	-250.5755	-363.7167	113.1412	0.5176205	2.865678	3.838888	1.360844
876	-254.2702	-365.8108	111.5406	0.4356551	3.236646	9.201678	1.561102
882	-261.9579	-374.3072	112.3494	0.6524013	5.742817	4.164906	1.022096
888	-262.176	-373.9781	111.802	0.6478032	5.967299	5.936996	1.022096
894	-248.7952	-361.0756	112.2803	0.3541738	2.688059	2.446475	2.506971
900	-259.619	-370.8992	111.2802	0.7122376	2.688059	8.218943	1.840221
906	-255.6518	-367.2178	111.5659	0.2580803	5.195199	4.096903	2.038747
912	-267.9475	-377.7825	109.835	0.6362371	4.039854	12.77617	2.038747
918	-250.756	-361.9616	111.2057	1.005337	6.11504	6.964253	0.9918669
924	-247.9835	-359.8154	111.8319	0.7055542	2.586011	8.891547	1.39162
930	-262.6382	-373.3167	110.6785	0.7807159	2.339668	18.3986	1.399668
936	-269.3409	-380.1598	110.819	0.4439103	3.419941	14.17131	1.521865
942	-270.9044	-383.6259	112.7215	0.563603	3.115957	3.031509	1.784017
948	-268.2457	-380.9765	112.7308	0.2772012	2.437889	3.031509	2.17559
954	-258.9413	-371.9726	113.0313	0.5365838	2.376628	4.623983	1.415529
960	-259.1706	-371.7323	112.5617	0.4942263	3.179388	4.623983	1.527185
966	-256.2208	-368.9608	112.74	0.9241538	2.725048	3.537353	1.489076
972	-258.6608	-371.6668	113.006	0.9489505	4.000252	2.33909	1.280329
978	-253.8474	-366.5048	112.6574	0.5553659	1.86161	5.280494	1.751478
984	-267.9429	-380.2046	112.2618	0.5187238	1.818877	7.862383	1.66349
990	-257.6305	-370.685	113.0545	0.6723005	3.042926	1.725233	1.967451
996	-257.5049	-370.3705	112.8656	0.4955442	2.824435	3.422852	1.708331
