Iteration	Posterior	Likelihood	Prior	rate_log_sd	rate_loss	rate_neo	tree_length
0	-706.5714	-815.3806	108.8091	3.756251	4.340683	9.159129	0.4285542
6	-790.152	-899.5425	109.3905	4.015653	2.084649	6.784177	0.1384529
12	-771.1264	-882.2558	111.1294	3.241155	1.351345	6.784177	0.7372377
18	-744.7943	-857.2062	112.4119	2.011538	2.771412	3.363008	0.8538612
24	-753.7003	-865.3689	111.6686	2.223667	3.512626	3.990919	0.8538612
30	-753.3038	-867.9909	114.687	1.991017	1.657823	0.9081178	0.6114521
36	-712.6359	-825.4549	112.819	1.655123	2.086636	4.026363	0.9189215
42	-710.5666	-821.6006	111.0339	2.90654	4.579083	2.292192	1.157098
48	-657.9017	-765.8494	107.9477	2.048681	3.665282	35.47007	1.157098
54	-597.0944	-708.7759	111.6815	1.9498	2.149808	4.758535	1.429081
60	-579.312	-692.2575	112.9455	1.329887	2.891823	2.09255	1.466683
66	-599.1983	-710.5495	111.3512	1.036142	3.23097	3.725059	2.174243
72	-600.1737	-712.7298	112.5561	0.8131544	2.827079	3.807648	1.600815
78	-593.8802	-706.1073	112.2271	1.17773	1.276578	5.351423	1.894194
84	-605.2195	-717.3803	112.1608	2.576377	1.517912	1.201746	2.108365
90	-536.2242	-649.2231	112.999	1.960513	2.650034	2.437196	0.7568311
96	-579.7355	-690.2205	110.4851	1.142174	0.6580055	24.35461	1.886051
102	-605.0679	-720.1366	115.0687	1.398007	0.4801501	0.9010589	1.886051
108	-615.9041	-727.6512	111.7471	2.106291	2.516467	1.783554	2.016691
114	-597.9413	-709.1395	111.1982	0.9111356	4.464303	3.974516	2.016691
120	-601.2656	-711.7279	110.4623	1.222695	3.276869	9.871184	1.680699
126	-598.3858	-709.441	111.0552	2.255256	3.507119	2.224211	1.924138
132	-562.1295	-674.7861	112.6566	2.102942	2.383254	3.404467	0.4433771
138	-547.3737	-661.598	114.2243	2.102942	1.711868	0.3028927	1.756895
144	-562.1385	-674.879	112.7405	1.744633	3.358155	2.639402	0.8552843
150	-568.9813	-682.0435	113.0623	1.635156	1.803348	3.676199	0.9907953
156	-623.4036	-737.8562	114.4526	3.116197	2.332494	0.05474048	1.167273
162	-633.0912	-748.3507	115.2594	3.116197	1.283314	0.04288117	1.106496
168	-580.5054	-690.0111	109.5057	2.876376	2.429549	9.999715	0.1001277
174	-596.8335	-706.227	109.3934	2.744547	2.468714	12.49315	0.1186154
180	-599.5348	-708.0911	108.5563	2.744547	3.829765	14.75301	0.1186154
186	-554.5816	-668.9821	114.4005	1.693991	1.761016	0.8624147	1.252611
192	-573.3541	-686.5938	113.2397	3.563586	1.411353	0.6893494	0.1942376
198	-526.3266	-636.648	110.3215	3.563586	5.067861	2.926863	0.3196596
204	-500.4383	-612.7927	112.3544	0.7488858	6.652144	1.523841	1.752996
210	-534.618	-646.6035	111.9855	1.373997	0.5943295	7.011845	2.15379
216	-510.4005	-625.4485	115.048	1.488088	1.14734	1.329683	0.8519918
222	-459.5114	-572.2001	112.6887	1.488088	1.768101	6.326446	0.7346749
228	-497.6933	-610.1288	112.4355	2.646666	1.768101	3.281448	0.7346749
234	-503.8318	-615.2084	111.3766	2.667609	2.683796	4.356362	0.2258826
240	-544.9634	-657.9568	112.9934	2.667609	3.577966	0.7831783	0.2285502
246	-512.6516	-625.6749	113.0233	1.89492	3.294466	0.9829222	1.477157
252	-464.4824	-577.972	113.4896	2.032994	2.445004	1.584256	0.8116306
258	-472.983	-585.8371	112.8541	1.593817	1.302931	3.801197	1.470686
264	-545.9962	-656.8781	110.8819	0.6885118	4.116525	1.019106	3.402478
270	-526.5439	-640.6033	114.0594	0.3841811	0.7679005	4.947768	1.598843
276	-574.7928	-688.1779	113.385	1.282002	0.7668502	4.211788	1.598843
282	-546.1313	-656.5931	110.4618	1.282002	4.026134	4.134309	2.311382
288	-540.2804	-653.3288	113.0484	1.000905	0.5490526	11.12313	1.189911
294	-532.4036	-641.6592	109.2556	1.000905	1.077746	32.22849	2.142234
300	-520.2636	-631.1846	110.921	0.9627717	2.085626	7.741778	2.178593
306	-530.272	-638.576	108.304	1.078455	5.452389	14.09524	2.369382
312	-488.8198	-598.8924	110.0726	1.063266	5.452389	12.28455	1.309072
318	-503.0343	-614.1054	111.0711	1.825147	2.331832	11.96269	0.6897493
324	-568.6363	-682.7954	114.159	1.825147	1.274582	1.638878	1.073834
330	-529.1453	-643.5603	114.415	2.064853	1.562412	0.808252	1.087692
336	-586.0293	-699.179	113.1498	2.064853	2.650461	2.062529	0.6641592
342	-568.2548	-682.6773	114.4224	2.19059	1.732124	0.5094812	1.229614
348	-588.4477	-702.7983	114.3506	2.050335	2.07961	0.5094812	1.229614
354	-572.0587	-683.3229	111.2643	3.205958	2.389872	0.5094812	2.457774
360	-553.7824	-666.6769	112.8945	1.954758	3.039934	2.414213	0.6711104
366	-553.4674	-666.2818	112.8144	1.954758	1.768342	1.266334	1.936541
372	-591.9844	-700.4742	108.4898	1.010703	8.44775	26.31729	1.024228
378	-512.6333	-624.6566	112.0233	1.087697	4.274633	2.131185	1.914367
384	-565.8488	-676.9964	111.1476	0.6916392	6.813432	5.107118	1.544056
390	-574.8459	-684.6046	109.7587	1.036141	3.268862	6.809643	2.635616
396	-603.429	-714.8948	111.4658	1.668533	3.93045	6.809643	0.6237332
402	-700.8322	-810.1344	109.3021	2.27244	4.67813	12.00115	1.152591
408	-646.3216	-756.6335	110.3119	1.196972	2.513229	13.22629	1.709539
414	-676.9034	-789.7175	112.8141	1.217987	1.952393	1.93011	2.039558
420	-648.937	-759.969	111.032	2.177892	7.5425	2.044794	1.281637
426	-576.4563	-688.446	111.9897	1.671125	2.467181	2.655855	1.842063
432	-560.527	-670.1611	109.6341	1.619314	3.727353	17.3869	1.162611
438	-583.8394	-693.5791	109.7397	0.8219469	8.670603	0.8426834	3.471186
444	-582.2484	-690.2243	107.9759	0.9903532	3.993074	2.230706	4.424529
450	-583.5001	-695.233	111.7329	1.286074	3.223972	7.529811	0.9442801
456	-526.6921	-637.877	111.185	1.41368	2.987051	4.04801	2.028635
462	-578.9871	-689.9286	110.9415	1.01183	8.61992	4.04801	1.432158
468	-593.8435	-705.7103	111.8668	3.031528	1.866845	0.484858	2.398556
474	-538.4974	-651.7736	113.2762	1.690526	3.510695	1.323738	1.118615
480	-543.5684	-655.569	112.0006	1.822193	1.417474	7.50368	1.118615
486	-541.5363	-648.2061	106.6698	2.168474	2.489191	53.18747	1.814491
492	-582.6255	-696.7696	114.1441	1.519841	1.017415	1.587002	1.552692
498	-584.9065	-695.9533	111.0468	0.9972112	1.966643	2.962185	2.953672
504	-600.7927	-712.3006	111.5079	2.007259	5.488462	3.562843	0.7423008
510	-596.5644	-711.0193	114.4548	2.962883	1.873398	0.2917272	0.7423008
516	-600.8728	-714.1437	113.2709	2.550861	2.196269	1.350821	0.2773051
522	-657.8832	-772.0804	114.1973	2.593446	2.236562	0.5552428	0.5756047
528	-692.0183	-805.9588	113.9404	2.416124	2.883657	0.616013	0.6577982
534	-675.8582	-786.7664	110.9082	1.83421	2.640298	10.20822	1.006146
540	-711.5609	-819.7811	108.2202	3.320334	3.227885	18.70409	0.9487965
546	-739.9629	-851.1016	111.1387	1.726938	1.364597	1.548476	3.169486
552	-802.2539	-915.0439	112.79	2.039321	0.3986072	8.312708	1.133231
558	-763.6974	-873.3349	109.6375	2.286927	1.945259	8.774741	2.08054
564	-761.016	-874.6156	113.5995	2.235868	1.609396	0.3143891	2.117852
570	-776.5019	-887.2925	110.7906	2.39106	2.452461	0.3109828	3.445099
576	-769.2256	-877.297	108.0714	3.082373	2.193494	5.689635	2.879986
582	-763.3345	-872.475	109.1405	1.744213	2.193494	19.32835	1.812214
588	-766.5613	-874.3591	107.7978	1.87247	2.482919	12.73119	2.938384
594	-791.6546	-904.3074	112.6528	3.054237	1.501434	0.4497349	2.075153
600	-810.5346	-921.142	110.6074	4.195408	1.729256	0.2175412	2.867546
606	-801.3727	-914.739	113.3663	2.42275	1.729256	1.534092	1.00997
612	-802.5931	-914.0105	111.4174	4.599358	1.138358	2.300699	0.7169705
618	-755.6062	-869.2604	113.6542	2.538789	2.533506	0.8757466	0.6589761
624	-785.6637	-892.1569	106.4932	1.500675	3.335487	6.595864	4.29012
630	-753.0699	-861.7015	108.6316	2.334348	3.497646	23.56362	1.01332
636	-736.6112	-848.0359	111.4247	2.145716	2.383516	4.570966	1.423155
642	-764.4003	-873.4395	109.0392	5.082894	2.383516	5.45748	0.4973866
648	-718.7547	-833.0042	114.2496	3.742086	2.287809	0.07254773	0.5113734
654	-690.4684	-804.5849	114.1165	2.428984	1.644991	1.049044	0.6057963
660	-748.6673	-860.3145	111.6471	2.298054	4.167654	0.9695889	1.954371
666	-735.6637	-848.14	112.4763	1.555345	3.110324	3.961694	0.8873343
672	-712.5865	-822.1567	109.5701	1.72294	3.699501	12.22864	1.601842
678	-733.3355	-845.4419	112.1065	1.72294	4.647226	1.318806	1.713263
684	-752.0854	-864.4952	112.4098	3.162326	1.574807	2.506923	0.7029888
690	-764.0983	-875.7653	111.667	3.288443	1.736637	0.9087603	2.051354
696	-695.8659	-810.1827	114.3167	2.093873	1.537138	0.6262975	1.359631
702	-710.5078	-824.1846	113.6767	2.463575	1.782389	0.7029316	1.359631
708	-705.0613	-819.0306	113.9693	3.028596	2.777594	0.09551393	1.305364
714	-687.3024	-800.0713	112.7689	3.028596	2.020679	0.9299878	1.305364
720	-726.856	-839.9485	113.0924	1.549673	2.255198	1.280935	1.820469
726	-699.3092	-809.1656	109.8563	1.549673	2.443025	2.431752	3.325163
732	-719.012	-831.5505	112.5385	1.882817	1.413627	1.759236	2.093346
738	-720.7346	-835.1761	114.4414	1.935787	1.06084	1.749355	0.7681485
744	-707.1333	-819.873	112.7397	1.675162	1.374537	2.742948	1.758951
750	-799.2474	-907.7881	108.5407	2.454987	0.7372821	18.45735	2.544259
756	-805.2538	-917.3617	112.108	2.743059	1.309311	5.281029	0.5330241
762	-835.8379	-949.9961	114.1582	3.003148	1.309311	0.4831539	1.055004
768	-812.5287	-924.2421	111.7134	2.370542	2.199878	4.335811	1.140213
774	-803.5693	-909.6886	106.1192	5.208931	1.801178	16.0643	1.884242
780	-759.6288	-870.309	110.6802	1.138872	1.366026	7.623831	2.53817
786	-721.6762	-831.9885	110.3123	2.518128	2.732523	4.136901	1.929115
792	-738.785	-848.9329	110.148	2.518128	2.732523	12.66117	0.5121334
798	-742.4896	-855.3461	112.8565	2.266207	3.629433	0.5933698	1.580682
804	-734.3123	-843.1998	108.8876	2.193276	1.936532	2.158189	3.759959
810	-724.0115	-834.5132	110.5017	2.348915	2.125618	1.109286	3.091485
816	-752.0924	-863.6795	111.5871	1.635079	1.053788	0.7492905	3.55313
822	-805.1421	-914.7936	109.6514	3.91365	2.379602	0.1275232	3.55313
828	-769.1014	-880.3703	111.2689	3.81862	2.514039	0.4207661	2.121891
834	-757.6815	-870.1451	112.4636	2.377725	1.532393	2.05816	1.619737
840	-765.0296	-879.6615	114.6319	3.447792	1.173579	0.2406532	0.7107081
846	-678.2847	-792.9103	114.6256	2.59956	1.694943	0.3517602	0.9547954
852	-714.0892	-826.9705	112.8813	1.708545	4.991494	0.3517602	1.943665
858	-696.1675	-810.0971	113.9296	1.543279	0.8002048	3.68312	1.060862
864	-696.75	-810.6049	113.8549	1.678345	0.8416373	3.686098	0.952084
870	-713.972	-824.5303	110.5583	2.351238	2.502201	11.16141	0.711411
876	-699.8063	-811.4192	111.6128	2.270766	1.79158	0.4390553	3.097479
882	-719.6883	-831.7557	112.0675	1.970734	2.762845	4.055718	1.006378
888	-713.8635	-825.7036	111.8401	3.434261	2.762845	1.069989	1.307747
894	-719.9371	-830.443	110.5059	4.707946	2.592273	1.112124	1.387611
900	-735.5964	-845.8813	110.2849	2.462824	1.540034	16.03987	0.8877196
906	-737.9807	-851.5372	113.5565	2.144812	2.908505	0.8942404	1.033387
912	-768.6551	-880.4357	111.7807	3.495287	2.908505	1.354729	1.033387
918	-761.8259	-873.758	111.9322	2.24372	2.908505	0.9474825	2.129222
924	-763.5716	-877.0159	113.4443	2.957202	2.509526	0.6475809	0.7939173
930	-787.1885	-897.2324	110.0439	2.941944	2.324683	11.04009	0.3075091
936	-801.9644	-912.3769	110.4124	2.551297	2.430211	2.838632	2.260536
942	-789.4252	-904.0803	114.6552	3.677324	1.510312	0.1036661	0.4873036
948	-766.4737	-880.6375	114.1638	3.278567	1.189811	0.09165505	1.715341
954	-736.081	-850.9457	114.8648	3.00967	1.189811	0.3469148	0.568197
960	-705.1221	-816.8769	111.7548	3.131891	1.189811	4.695136	0.2318664
966	-709.8247	-821.8734	112.0487	3.131891	2.355192	1.790444	0.178172
972	-766.5792	-880.8781	114.2989	2.835033	1.818405	0.3866583	0.8892015
978	-791.2591	-897.9685	106.7093	2.607281	3.037356	10.34077	3.198885
984	-743.7321	-858.2826	114.5505	2.490144	2.136898	0.4108218	0.6947225
990	-738.2598	-851.421	113.1612	2.490144	1.570374	0.6989226	1.825553
996	-765.7944	-879.3648	113.5705	3.529937	2.393868	0.08105691	1.420504
