Iteration	Posterior	Likelihood	Prior	rate_log_sd	rate_loss	rate_neo	tree_length
0	-901.8568	-1012.384	110.5272	0.9592988	0.9589044	27.20788	1.594711
6	-901.0193	-1003.434	102.4144	5.314937	0.7375211	76.02181	2.892493
12	-886.5363	-996.1042	109.5678	2.25078	2.385227	14.37514	1.42754
18	-902.4051	-1016.186	113.7807	2.739744	2.385227	0.4737872	1.027824
24	-906.5579	-1018.823	112.2653	2.000786	4.378246	2.011842	1.058036
30	-812.6946	-924.0066	111.3121	3.373015	1.269912	3.46714	1.402985
36	-902.594	-1014.664	112.0705	2.716856	1.875393	2.266897	1.402985
42	-845.281	-957.9236	112.6426	2.908352	1.875393	2.266897	0.5766255
48	-905.8058	-1014.9	109.0942	2.908352	1.04091	26.22583	1.17743
54	-894.6754	-1006.256	111.5809	2.916023	2.334919	0.6491142	2.326842
60	-907.4618	-1021.374	113.9122	2.738024	1.440315	0.6990381	1.136816
66	-884.4461	-996.0554	111.6093	3.304538	1.782322	3.187836	0.9739511
72	-890.4875	-1002.104	111.6161	3.516489	1.710211	2.73272	0.9983262
78	-890.705	-996.7586	106.0536	2.052578	1.313057	89.588	2.079081
84	-866.9251	-971.5562	104.6311	4.093574	2.011033	117.3696	0.6822688
90	-892.0109	-1000.414	108.4031	3.451325	1.03241	33.98761	0.8573529
96	-857.8561	-968.4362	110.5802	2.659098	1.122245	14.87078	0.8573529
102	-811.7292	-922.7687	111.0396	2.972519	1.974394	3.5969	1.504115
108	-814.9528	-922.7131	107.7602	5.0264	1.87673	14.2006	0.8170323
114	-815.7849	-927.6132	111.8283	5.272211	1.483774	0.5262226	0.9063291
120	-871.9668	-983.3403	111.3735	2.96243	1.483774	0.5387197	2.851938
126	-861.0246	-973.4775	112.4529	3.471395	1.697063	1.399284	0.9968929
132	-872.4344	-987.5041	115.0698	3.681421	1.041085	0.08595927	0.6780807
138	-863.7896	-969.8732	106.0837	3.114131	2.132071	19.34098	2.908578
144	-881.2449	-992.5217	111.2768	3.980283	1.868188	0.05571618	2.908578
150	-899.0459	-1012.633	113.5872	2.468252	1.852347	0.6254588	1.472074
156	-886.4847	-992.6018	106.1171	4.446052	1.541827	51.87517	0.2352777
162	-859.4141	-968.9106	109.4965	3.284953	1.803538	13.74086	0.9398849
168	-831.0785	-940.6856	109.6071	4.718525	2.181357	3.92735	0.1867
174	-841.1645	-949.9549	108.7904	4.631144	1.560247	3.92735	2.023484
180	-835.6014	-950.107	114.5056	2.70914	1.674936	0.4991337	0.5840838
186	-902.9673	-1014.595	111.6279	4.252697	1.438187	1.845679	0.2364667
192	-899.1714	-1011.671	112.4993	5.496104	1.936109	0.03483441	1.070424
198	-896.7938	-1006.159	109.3653	8.066665	2.485206	0.03483441	1.299892
204	-882.9852	-993.9345	110.9493	7.284007	1.807009	0.005363525	0.7348527
210	-904.9183	-1016.765	111.8467	4.124695	1.641508	1.100923	1.219114
216	-845.2299	-954.5605	109.3306	5.053699	2.562034	0.2710288	2.7521
222	-944.4684	-1057.697	113.2281	3.077583	3.764563	0.3871125	0.7966014
228	-902.9931	-1014.301	111.308	4.529564	3.209948	0.4504618	1.333584
234	-904.7116	-1016.862	112.15	4.42081	0.9875512	0.8778388	1.354037
240	-935.8514	-1049.026	113.1748	2.95819	1.367549	0.555117	1.737169
246	-891.8399	-1000.738	108.8978	3.309035	2.095599	17.43971	0.9377118
252	-875.7382	-987.4385	111.7002	3.310732	1.552378	3.433135	0.9342832
258	-860.6902	-973.8953	113.205	2.211485	1.935681	0.6979044	1.824114
264	-888.7223	-997.5549	108.8326	2.669011	1.900813	23.75326	1.199925
270	-1002.161	-1117.004	114.8429	1.89852	1.040268	0.8657415	1.180943
276	-861.4522	-973.5988	112.1466	3.305128	2.022089	0.6950173	1.766905
282	-882.7091	-992.027	109.318	2.477208	2.990225	12.23182	1.433451
288	-924.4567	-1038.992	114.5358	2.477208	0.6933455	0.7042448	1.433451
294	-890.9191	-1003.984	113.0652	2.545708	1.84522	0.8300298	1.612067
300	-858.4457	-970.983	112.5373	2.800507	1.435459	2.999576	0.8591951
306	-950.5519	-1065.361	114.8086	2.690476	1.522307	0.4061221	0.4913756
312	-876.6915	-989.4864	112.7949	4.323191	2.946724	0.2100105	0.6816179
318	-873.1878	-982.1044	108.9166	2.227094	3.03746	11.87426	1.919148
324	-895.3081	-1005.227	109.9189	1.456796	2.009963	11.02609	2.179524
330	-880.2036	-990.6478	110.4442	3.106783	1.223827	11.02609	0.9555782
336	-877.8715	-988.2668	110.3953	2.276998	0.9528497	20.1487	1.077452
342	-857.609	-965.8119	108.2029	3.369029	1.946654	20.1487	1.358927
348	-911.1535	-1022.07	110.9164	1.459519	3.764513	2.400004	2.411428
354	-894.0344	-1008.144	114.1097	1.674072	1.209456	1.168085	1.576844
360	-809.2924	-921.8897	112.5974	2.231489	1.685304	4.051946	0.777027
366	-872.4175	-984.6508	112.2333	2.231489	0.5132065	4.051946	2.020635
372	-803.7484	-915.3847	111.6363	5.783349	1.350611	0.5266293	0.4868938
378	-803.385	-917.0261	113.6411	3.015276	1.239727	0.2255757	1.908053
384	-885.8173	-998.34	112.5226	3.83335	0.611398	2.995689	0.5066117
390	-897.4532	-1009.492	112.0387	1.451457	5.158487	1.623772	1.688939
396	-857.1089	-968.4558	111.3469	2.749126	1.49986	0.4938049	3.033057
402	-908.6391	-1020.746	112.1067	1.757744	1.162247	6.671572	1.404536
408	-904.6835	-1019.644	114.9609	2.946121	1.028254	0.4053571	0.5663002
414	-854.092	-966.181	112.089	5.45268	1.377842	0.3210191	0.9325656
420	-899.5715	-1012.694	113.1227	3.265509	1.895655	0.8328281	0.9325656
426	-868.3405	-980.8294	112.4889	3.265509	1.981589	1.014742	1.288655
432	-881.8481	-993.6807	111.8326	2.804306	1.981589	3.470022	1.018053
438	-875.0095	-985.8872	110.8777	3.008575	1.981589	4.323672	1.40845
444	-901.1782	-1013.071	111.8932	1.979062	1.591353	4.323672	1.606731
450	-886.1833	-997.8192	111.6359	2.252102	2.901116	2.458985	1.606731
456	-848.5577	-957.6335	109.0758	4.236259	1.770913	11.24493	0.3399655
462	-822.5998	-935.0168	112.417	3.417656	2.03833	1.500463	0.7659969
468	-916.4766	-1028.704	112.2271	3.417656	3.554394	0.9007363	0.2856386
474	-859.9421	-971.3316	111.3896	4.520037	3.198035	0.9007363	0.546564
480	-893.6134	-1004.379	110.766	4.903079	1.478597	1.984623	1.01161
486	-900.5463	-1009.262	108.7155	6.382651	1.293025	1.092236	2.050232
492	-895.79	-1005.444	109.6537	6.382651	1.094741	0.5783771	1.939988
498	-891.0114	-1002.812	111.8001	3.983025	1.274507	1.970677	1.06423
504	-878.083	-991.3225	113.2395	3.271619	2.815617	0.3900867	0.9854082
510	-904.7937	-1017.932	113.1388	2.190599	1.473744	2.499451	1.075441
516	-847.9235	-959.4697	111.5462	5.396288	1.473744	0.1530174	1.737658
522	-884.7765	-997.8957	113.1192	4.787312	1.447372	0.2473372	0.5291313
528	-890.342	-1000.797	110.4547	4.842142	1.220008	2.446319	0.1232789
534	-854.0546	-962.8405	108.7859	4.541722	1.465534	11.28047	0.22163
540	-882.2654	-991.5302	109.2647	5.633061	2.541881	2.603538	0.8015264
546	-867.6748	-981.021	113.3462	3.479114	1.55035	0.793056	0.7263536
552	-886.4259	-996.2937	109.8678	3.479114	1.691882	0.7297275	3.196224
558	-893.0685	-1003.432	110.363	2.622435	2.093236	6.667502	1.574846
564	-840.706	-950.9976	110.2916	3.516968	1.235359	2.517902	2.307972
570	-839.4488	-951.2524	111.8037	2.019167	2.487208	5.786475	0.8427509
576	-874.4542	-982.7644	108.3102	3.259655	1.354962	23.73532	1.450683
582	-871.0729	-979.8701	108.7972	3.259655	1.060383	8.12675	2.494783
588	-893.3855	-1007.072	113.6866	3.425101	1.788328	0.5242242	0.5147155
594	-885.3247	-995.2209	109.8962	2.573433	1.768269	10.81534	1.552575
600	-873.7027	-983.5708	109.8681	2.989711	1.839437	9.499495	1.378997
606	-865.0787	-973.8962	108.8175	6.028115	1.308149	5.190749	0.6392537
612	-886.0823	-997.8913	111.8089	1.90439	1.652412	3.546007	1.875354
618	-848.5193	-957.5224	109.0032	4.057307	1.646418	13.89012	0.3516602
624	-879.9197	-993.0035	113.0838	2.697243	2.0475	1.325141	0.981618
630	-858.2394	-969.9515	111.7121	3.563971	3.026655	1.601643	0.7673352
636	-858.6914	-970.9249	112.2336	3.280988	0.9939916	2.962398	0.1749482
642	-843.8494	-957.4627	113.6133	2.81716	3.417511	0.39037	0.7917206
648	-834.2341	-941.7335	107.4994	6.525161	3.979891	0.2371757	2.677993
654	-830.7245	-939.6125	108.888	4.005445	2.726925	8.492487	1.097093
660	-781.2681	-891.855	110.587	2.796028	2.847114	1.078964	2.56762
666	-827.7918	-941.0556	113.2637	2.322186	1.590348	2.424874	0.3245025
672	-832.0363	-940.3965	108.3602	2.6164	1.552622	4.518196	3.415084
678	-867.593	-977.1159	109.523	2.510489	2.681372	16.13673	0.944178
684	-833.215	-946.4791	113.2641	2.510489	1.759546	0.3494832	2.041092
690	-854.3243	-966.8572	112.533	3.802277	1.656786	0.8308228	1.135721
696	-911.287	-1022.944	111.657	2.036249	0.9907803	8.296321	1.409459
702	-914.654	-1026.731	112.0774	2.781849	1.306241	2.94081	1.409459
708	-894.4903	-1001.341	106.8506	7.037785	1.272553	7.995394	1.076554
714	-865.5366	-977.2662	111.7297	5.086922	2.642091	0.2121838	1.166361
720	-936.1487	-1049.617	113.4688	3.056953	2.687476	0.1780356	1.467987
726	-936.5436	-1050.023	113.4795	2.486271	1.082166	2.278688	0.8722367
732	-889.9951	-1002.073	112.0775	3.259064	1.938763	2.278688	0.8629328
738	-870.1198	-981.1307	111.0109	5.601729	1.46032	0.505435	1.389471
744	-963.9333	-1076.336	112.4027	2.727966	0.3775591	5.837262	1.355305
750	-857.3649	-970.561	113.196	3.72868	1.194347	0.4735098	1.355305
756	-868.4028	-981.1134	112.7106	2.899453	1.432473	1.407972	1.422624
762	-888.8508	-1001.643	112.792	3.472401	1.287214	1.407972	0.9523218
768	-898.7837	-1012.156	113.3727	3.626472	0.5228877	1.293814	1.154986
774	-896.1239	-1008.319	112.1955	4.202947	4.299173	0.1839194	1.046185
780	-852.7363	-964.6605	111.9242	3.531515	3.097149	1.208714	0.8883526
786	-839.7707	-950.2916	110.521	4.650772	1.968734	1.654942	1.344633
792	-885.8028	-996.4895	110.6867	4.585323	1.680789	1.599217	1.438266
798	-915.1345	-1021.323	106.1888	2.677202	1.302325	85.23455	1.636656
804	-900.8867	-1006.376	105.4888	4.930993	1.302325	59.59824	0.2153244
810	-848.9763	-962.9837	114.0074	3.409588	1.302325	0.4967312	0.7440812
816	-928.8168	-1042.447	113.6303	3.402184	0.8405461	0.3858984	1.658733
822	-859.367	-971.9118	112.5448	2.825044	1.716414	1.748182	1.261738
828	-846.8499	-956.009	109.1591	2.495582	1.960828	7.225917	2.437378
834	-821.577	-931.0224	109.4454	4.761038	1.485233	7.225917	0.68248
840	-842.1975	-955.3744	113.1768	2.374114	2.130817	2.000053	0.573033
846	-909.7577	-1022.072	112.3144	1.511682	0.8746218	1.231897	3.01522
852	-877.0147	-988.7883	111.7736	1.753747	1.963209	0.692582	3.01522
858	-870.4883	-981.4246	110.9363	2.395659	1.963209	4.385257	1.805572
864	-831.9661	-940.7376	108.7715	2.496997	1.64084	18.91577	1.805572
870	-901.4667	-1015.912	114.4452	3.77573	1.026722	0.1289663	1.106285
876	-905.234	-1016.815	111.5806	3.727916	1.061294	3.263668	1.103895
882	-897.9244	-1007.186	109.2614	3.609392	3.192145	5.375089	1.504019
888	-891.1701	-1000.144	108.9735	3.54837	2.962728	12.51189	0.3440883
894	-892.3626	-1002.519	110.1564	3.251334	1.394036	7.748589	1.435791
900	-892.6234	-1001.408	108.7844	3.009579	2.476392	18.979	1.005285
906	-843.4906	-953.2325	109.7419	2.783652	1.830545	5.837026	2.131399
912	-895.8425	-1010.736	114.8937	2.924873	1.018638	0.3527981	0.8986803
918	-839.8185	-952.7397	112.9212	3.228605	3.076903	0.6653397	0.7537282
924	-872.0653	-984.1122	112.0469	2.599503	3.366328	2.458114	0.7537282
930	-864.2916	-978.0315	113.7399	2.599503	2.038337	0.582331	1.205721
936	-831.837	-943.4023	111.5653	4.12798	3.006642	0.2104063	1.89078
942	-820.8437	-930.8493	110.0056	4.451636	2.297274	3.477965	1.018863
948	-853.9798	-966.0832	112.1034	3.464896	1.232506	1.516871	1.514544
954	-792.7703	-903.4701	110.6998	2.887352	1.617823	0.6530405	3.143345
960	-792.1025	-903.6395	111.537	1.60861	2.155616	0.7368622	3.143345
966	-806.1241	-916.3906	110.2665	1.543655	1.991007	2.741599	3.143345
972	-846.9952	-958.3461	111.3508	2.703975	3.572948	1.477435	1.718015
978	-871.6888	-985.0502	113.3613	1.912631	0.9658932	1.180113	2.079376
984	-810.1284	-919.3023	109.1739	1.912631	1.783509	13.93234	2.209708
990	-826.8046	-937.9304	111.1258	2.586629	1.783509	8.984716	0.5779529
996	-847.0272	-953.9888	106.9616	2.745233	1.502275	6.96551	3.813674
