Iteration	Posterior	Likelihood	Prior	rate_log_sd	rate_loss	rate_neo	tree_length
0	-1334.483	-1447.634	113.1517	0.366415	3.118194	3.682793	1.429721
6	-1149.76	-1266.254	116.4932	0.9856155	0.2984036	1.036485	1.307442
12	-1116.247	-1221.487	105.2404	2.183716	14.03939	17.2366	2.470458
18	-1463.099	-1578.851	115.7522	0.8409529	0.7151781	2.197641	0.4512377
24	-1160.361	-1271.22	110.8596	1.417811	17.11572	1.69155	1.140284
30	-968.4113	-1082.298	113.8863	2.697252	2.54867	0.3356643	1.140284
36	-1176.27	-1288.318	112.0479	1.051442	7.113606	3.734972	0.7019659
42	-1063.977	-1173.116	109.1399	1.095985	8.410621	5.896251	2.279526
48	-1210.127	-1329.09	118.9634	0.8278789	0.007372326	0.1399364	1.368643
54	-1263.911	-1377.489	113.578	2.818562	0.005718882	1.051712	2.583896
60	-933.0002	-1044.271	111.2705	1.87829	4.329364	1.475066	2.156763
66	-1244.962	-1361.125	116.1627	0.909054	0.3960204	1.475066	1.162818
72	-904.1903	-1013.33	109.1393	3.069354	3.082414	13.00684	0.9529814
78	-1139.042	-1252.253	113.211	0.6554747	0.8786304	4.538176	1.993705
84	-1085.497	-1199.59	114.0937	1.958082	0.1361415	3.28419	1.731823
90	-955.2572	-1067.118	111.861	1.958082	1.675258	7.795506	0.8779965
96	-928.0864	-1042.136	114.0501	1.958082	1.166841	1.74381	1.072462
102	-902.5952	-1014.541	111.9462	1.857156	1.252964	8.568595	1.072462
108	-1184.557	-1294.73	110.1726	2.072053	60.34997	0.0893543	1.072462
114	-959.2103	-1072.091	112.8808	1.642957	2.045984	1.522094	1.853043
120	-1076.013	-1187.264	111.2519	4.856405	0.1909193	1.24265	2.331736
126	-1013.44	-1125.342	111.9024	4.572819	0.3807615	3.675939	0.4682333
132	-1096.888	-1211.145	114.2565	2.396774	0.05811388	1.364282	2.252221
138	-1210.846	-1328.099	117.2529	2.396774	0.2290739	0.08791918	1.07728
144	-1124.875	-1230.778	105.9028	1.478975	0.3566139	75.32248	3.469529
150	-925.8323	-1036.045	110.2131	1.721617	1.614256	1.671635	3.557577
156	-1264.771	-1377.217	112.4464	0.6110374	1.550073	0.5646568	3.557577
162	-1279.16	-1393.465	114.305	0.5390953	0.6344244	4.519687	1.5245
168	-1239.248	-1353.841	114.5931	1.335399	3.505668	0.2402959	1.5245
174	-1149.439	-1263.515	114.0753	1.335399	0.9673814	4.230781	0.6969827
180	-912.9293	-1023.083	110.1542	1.697575	1.564851	10.4749	2.109023
186	-1213.181	-1331.716	118.5358	1.110662	0.06640625	0.45076	0.5545073
192	-889.1908	-1002.74	113.5494	3.332335	1.999008	0.5179555	0.7744139
198	-1113.474	-1230.235	116.7613	1.556839	0.1761014	0.3088239	1.70689
204	-1542.864	-1659.515	116.6513	0.09762008	0.9861325	1.217607	0.8920757
210	-1351.668	-1469.179	117.5112	0.214255	0.1015023	1.146042	1.507482
216	-1360.734	-1479.918	119.1843	0.4080693	0.01954625	0.03863074	1.909805
222	-1266.826	-1380.266	113.4403	0.6189175	3.005831	3.97366	0.9011169
228	-1104.429	-1215.575	111.1461	1.736277	19.84264	1.136344	0.6229167
234	-1254.462	-1367.696	113.234	0.6619403	4.030406	2.800761	1.132007
240	-1042.466	-1153.04	110.5737	1.806175	3.615401	11.5767	0.7140874
246	-902.8993	-1013.353	110.4538	6.635125	2.833396	0.1593163	0.9840613
252	-995.4123	-1106.707	111.2946	3.467921	7.191513	0.9169093	0.4479527
258	-944.028	-1054.812	110.7842	3.467921	7.191513	1.364645	0.3025582
264	-1095.963	-1212.022	116.0589	3.467921	0.1594563	0.06086176	1.460828
270	-1050.822	-1164.628	113.8062	2.288993	2.265939	1.017112	0.7975784
276	-1118.573	-1225.433	106.8604	5.544346	0.2353424	47.09673	0.9033131
282	-983.457	-1095.785	112.3275	4.060942	0.6454678	1.773596	1.224459
288	-1214.043	-1327.148	113.1044	0.8756668	0.6576624	10.43375	1.201735
294	-1052.681	-1168.211	115.5298	2.259461	0.3179295	0.9879176	1.039061
300	-1049.995	-1163.791	113.7958	2.259461	0.3179295	3.419882	1.304413
306	-1014.609	-1125.416	110.8075	1.076281	2.174462	1.649561	3.394781
312	-942.566	-1054.995	112.429	2.925099	3.721639	1.06045	0.8846073
318	-1064.025	-1177.546	113.5203	2.294329	0.1984894	7.831823	0.6322709
324	-904.6168	-1016.824	112.2068	3.852588	0.7298927	2.58933	1.013532
330	-961.0465	-1069.623	108.5769	4.721588	0.6183514	9.981243	1.809618
336	-867.6458	-977.6639	110.0182	2.350707	1.803249	0.489366	3.925791
342	-953.048	-1067.714	114.6658	1.84085	1.803249	0.5668961	1.204334
348	-918.3943	-1030.478	112.0837	1.629327	1.45741	3.073455	2.092939
354	-1209.907	-1328.57	118.6631	0.8356529	0.0124931	0.1230986	1.69644
360	-1245.748	-1359.121	113.3732	0.9252625	0.06565467	26.53849	0.4122401
366	-1055.902	-1168.963	113.0609	2.093628	0.331908	9.011661	0.8073978
372	-1253.909	-1369.566	115.6572	0.8956464	0.02740592	7.066082	0.8073978
378	-1007.47	-1119.642	112.1728	3.973937	7.274464	0.1116738	0.7726601
384	-903.6579	-1017.995	114.3367	3.370697	1.163181	0.3237121	0.940788
390	-1088.611	-1204.404	115.7933	4.214245	0.1697143	0.1329538	0.6168952
396	-886.056	-999.9027	113.8466	4.214245	1.648852	0.08327688	0.9551848
402	-919.928	-1033.733	113.8047	3.619314	1.648852	0.09334405	1.465069
408	-1375.401	-1490.24	114.8392	0.1173261	1.1476	2.922991	1.445213
414	-1190.271	-1306.204	115.9328	2.019925	0.3129065	0.07908127	2.197772
420	-1143.097	-1257.764	114.6667	1.674032	1.25884	0.178977	2.197772
426	-1281.989	-1397.41	115.4213	1.007539	1.342928	1.118895	0.9865952
432	-1401.219	-1521.836	120.6169	0.03088781	0.01232182	0.07776608	0.9011215
438	-1274.985	-1394.7	119.7154	0.00432557	0.00624086	0.1898902	1.258239
444	-1456.876	-1577.025	120.1496	0.02974646	0.01356148	0.2857481	0.440113
450	-1601.776	-1714.192	112.4151	0.1157847	5.777951	6.644267	0.8004977
456	-1421.079	-1531.883	110.8041	0.2598121	26.53691	3.183373	0.8004977
462	-1229.453	-1344.047	114.5935	1.33065	4.113347	0.5144036	0.8422971
468	-1025.745	-1138.85	113.1047	2.820882	0.2843374	6.004651	0.7309268
474	-957.2642	-1070.244	112.98	2.820882	2.844353	1.069375	0.3153971
480	-1000.968	-1114.374	113.4055	2.820882	0.4885776	3.728277	0.6448807
486	-989.9175	-1104.482	114.5648	3.566954	0.3560605	0.880024	0.6448807
492	-1305.067	-1417.232	112.1652	1.306906	4.029202	5.115296	0.3372011
498	-1031.595	-1145.665	114.0698	1.677568	0.2934149	1.865714	2.097154
504	-870.913	-981.692	110.779	5.033562	2.051729	1.631357	0.6248935
510	-927.5985	-1041.676	114.0773	2.429837	0.8627639	0.9461158	1.449588
516	-1550.028	-1661.279	111.2513	0.9549779	1.325195	23.37318	0.2239757
522	-1156.745	-1274.3	117.5552	1.768525	0.002999628	0.4977765	0.6669703
528	-1036.511	-1151.44	114.9295	2.876435	0.2284401	0.2970387	1.970628
534	-1301.445	-1410.318	108.8734	0.5275636	47.8274	4.090959	1.039181
540	-990.7309	-1102.722	111.9909	1.170217	1.762122	3.68005	2.161536
546	-1013.302	-1124.776	111.4739	1.170217	1.762122	8.533727	1.697449
552	-898.5068	-1012.111	113.604	2.830145	1.44655	1.002137	1.012493
558	-1038.425	-1152.286	113.8616	1.820574	0.1935624	3.279759	1.856247
564	-892.9473	-1005.315	112.3674	3.453048	1.994809	1.229463	1.051306
570	-1186.227	-1292.943	106.7161	2.649467	15.48672	16.04754	1.051306
576	-1156.427	-1266.322	109.8958	0.8483633	9.489796	4.944605	1.98885
582	-1358.109	-1474.155	116.0457	1.097454	0.008959548	4.944605	0.4127054
588	-1305.601	-1415.551	109.9508	5.277255	0.0180917	16.13307	0.8463937
594	-1032.784	-1144.324	111.5403	4.842597	0.4544187	1.055482	1.866413
600	-1330.727	-1442.902	112.1749	1.166038	0.4446828	24.91099	0.6116429
606	-1184.328	-1301.298	116.9709	1.166038	0.09449831	0.4038599	1.905006
612	-995.2242	-1109.35	114.1256	2.542626	0.5782342	1.02048	1.546382
618	-867.6478	-977.3794	109.7316	2.542626	1.766348	5.983924	2.296993
624	-1057.5	-1172.257	114.7566	2.381104	0.1976423	0.4206188	2.296993
630	-900.7951	-1012.676	111.8812	3.054256	1.547337	0.902693	2.153828
636	-1331.795	-1448.653	116.8584	3.054256	0.01415102	0.404242	0.6182851
642	-1405.355	-1517.081	111.726	0.2131795	31.81188	1.228447	0.6455097
648	-1746.198	-1863.273	117.0747	0.6541335	2.01985	0.1688459	0.6365373
654	-1119.317	-1235.695	116.3788	1.453499	0.05394137	0.6913592	1.934453
660	-1080.787	-1194.581	113.7938	2.402205	0.2537953	5.503574	0.5857764
666	-1181.64	-1299.022	117.3825	2.402205	0.2210979	0.1545375	0.5857764
672	-1103.454	-1212.982	109.528	2.855485	0.2322422	18.99188	2.203996
678	-920.2615	-1031.108	110.8462	2.855485	1.821179	5.502455	1.366169
684	-912.9759	-1024.084	111.1083	4.028424	1.821179	2.163433	1.191525
690	-1041.513	-1153.939	112.4258	1.639218	1.821179	6.41133	0.8169046
696	-1121.91	-1236.679	114.7691	1.655833	1.821179	0.76904	1.019627
702	-987.1393	-1094.174	107.0351	2.353315	2.655607	52.80113	1.364007
708	-895.5287	-1007.941	112.4126	2.144894	2.286402	2.281458	1.393627
714	-840.4633	-952.9829	112.5195	3.155928	1.190967	3.091454	0.5052033
720	-867.5941	-977.7573	110.1632	4.238432	1.019769	8.453586	0.4144504
726	-867.1634	-977.9102	110.7468	4.079066	1.019769	6.441376	0.4966441
732	-1150.118	-1264.256	114.1386	1.832679	0.127032	7.546009	0.8510473
738	-1435.951	-1552.626	116.6755	0.4040671	0.3577672	0.5421547	1.939562
744	-1402.029	-1515.287	113.2579	1.017714	8.274206	1.204862	0.4548298
750	-1130.362	-1243.4	113.0381	1.3908	3.620123	2.320042	0.9825462
756	-1475.731	-1587.388	111.6573	0.3141412	31.63665	1.141163	0.7437804
762	-1432.11	-1540.375	108.2645	0.1242276	52.36253	8.688136	0.7437804
768	-1528.445	-1641.447	113.0027	0.1242276	0.1427679	29.45544	1.324318
774	-1192.971	-1302.631	109.6598	0.3008816	13.2798	1.580938	3.039844
780	-1380.597	-1494.952	114.3546	0.1618659	0.1948444	14.93278	1.00257
786	-1001.156	-1114.037	112.8808	2.132063	9.312798	0.2580165	1.089969
792	-1159.768	-1274.772	115.0034	0.3976982	0.2400624	5.849262	1.389545
798	-1042.83	-1156.067	113.2369	3.954683	0.286816	1.157883	1.465067
804	-942.4873	-1055.625	113.1375	2.352754	0.579233	4.103958	1.178265
810	-1005.347	-1121.292	115.9451	2.352754	0.4481081	0.3401369	1.178265
816	-1348.198	-1455.569	107.3709	0.7366421	0.7247986	170.3159	1.503621
822	-1104.987	-1216.336	111.3493	4.541291	0.2492938	2.505664	1.838726
828	-931.2374	-1043.732	112.4942	2.89876	3.001814	0.2921525	1.950631
834	-1162.745	-1270.6	107.855	0.641381	14.84829	4.476713	3.029895
840	-1392.311	-1495.653	103.3411	1.618756	127.4458	21.90159	0.7858378
846	-1110.958	-1224.028	113.0706	0.9562203	8.949454	0.8945208	1.119609
852	-999.349	-1110.168	110.8189	3.053258	5.989275	2.559882	0.389204
858	-1090.929	-1206.889	115.9596	2.131959	0.21337	0.7979383	1.192882
864	-1012.941	-1126.678	113.7363	4.4679	0.4833275	0.5177144	0.8894965
870	-898.0376	-1012.443	114.4057	2.603387	1.746115	0.4801996	0.8894965
876	-912.6654	-1021.186	108.521	6.214786	3.796809	1.824598	0.8894965
882	-1090.406	-1202.264	111.858	1.326998	6.06835	0.7707087	2.252255
888	-1090.273	-1205.868	115.5955	3.319445	0.2855881	0.3951323	0.7648513
894	-1017.261	-1129.495	112.234	2.066686	5.838228	1.856025	0.6107666
900	-1172.29	-1287.034	114.7445	2.342272	0.2418713	2.020984	0.1605231
906	-864.8041	-972.5435	107.7395	4.780853	2.296643	13.25751	0.9771213
912	-1119.088	-1229.88	110.7929	3.514933	0.1323877	19.36013	0.9771213
918	-1256.915	-1372.076	115.1605	0.7636794	0.6485002	3.227176	0.9771213
924	-926.6644	-1033.793	107.1283	0.2521887	4.804504	3.227176	4.912924
930	-1059.175	-1168.303	109.1277	0.307447	54.86336	3.342863	1.001408
936	-1086.937	-1196.99	110.0526	0.4224127	35.89747	3.19296	0.8313391
942	-1043.974	-1156.094	112.1201	0.4224127	5.225022	1.472206	2.379391
948	-977.8186	-1089.588	111.7696	0.7629335	2.21918	3.732892	2.379391
954	-1077.443	-1193.479	116.0355	0.9485447	0.1871197	3.453347	0.6779882
960	-918.8343	-1027.316	108.4817	1.490054	2.759415	11.00673	2.819187
966	-1090.425	-1202.427	112.0018	0.7605657	2.759415	1.117763	2.948708
972	-1106.734	-1218.428	111.6939	1.278488	11.36009	1.808813	1.056316
978	-1115.32	-1228.665	113.3454	1.030776	1.779978	4.487115	1.056316
984	-1036.976	-1149.975	112.9989	3.538405	0.3839691	2.627369	1.056316
990	-890.0944	-1001.689	111.5944	3.674013	1.37838	2.095914	1.369456
996	-997.0392	-1107.344	110.3045	3.463239	0.417927	13.2626	1.369456
