Iteration	Posterior	Likelihood	Prior	rate_log_sd	rate_loss	rate_neo	tree_length
0	-2259.809	-2375.34	115.5314	0.5588589	3.120204	0.2854544	0.1000372
6	-2008.66	-2127.119	118.459	0.4630391	0.5577396	0.208345	0.6129185
12	-1410.909	-1527.143	116.2338	2.402474	0.00603286	1.136389	0.9105636
18	-1265.113	-1382.149	117.0366	1.472876	0.2471983	0.4044841	1.254078
24	-1946.634	-2065.847	119.2131	0.4574138	0.2471983	0.07651812	1.060702
30	-1414.57	-1524.174	109.6044	0.6602378	21.21404	8.074427	0.4017796
36	-1098.128	-1213.017	114.889	1.859943	0.7100499	1.87227	0.6643689
42	-1609.537	-1726.614	117.0767	1.859943	0.5868352	0.039888	1.285796
48	-1457.334	-1574.599	117.2648	0.01758633	0.1343738	2.308544	1.124923
54	-1054.136	-1165.375	111.2389	4.464121	0.3716059	1.231946	2.311732
60	-1583.944	-1697.865	113.9211	1.398824	0.197401	10.89892	0.5870798
66	-1965.271	-2082.35	117.0787	0.1208908	1.938865	0.3855391	0.3406162
72	-1067.392	-1178.637	111.2451	1.012153	6.984018	5.038481	1.200275
78	-1939.731	-2058.175	118.4433	0.3789809	0.6280879	0.07171301	1.200275
84	-1169.647	-1287.495	117.8489	0.5084378	0.01944964	1.047365	1.374408
90	-1495.452	-1609.274	113.8216	1.30367	0.1813006	7.761699	0.1030204
96	-1759.286	-1878.11	118.8239	1.135916	0.1813006	0.1278586	0.3540657
102	-1279.806	-1397.761	117.9549	0.4318253	0.1813006	0.5016157	1.367415
108	-1259.314	-1375.144	115.8303	1.012593	1.001502	0.243315	1.897494
114	-1386.159	-1499.088	112.9294	0.06298863	19.66184	0.4703968	1.380114
120	-1386.923	-1501.801	114.8779	0.2216794	1.026113	2.822759	1.456763
126	-1432.412	-1549.972	117.5606	0.2779497	0.6363763	0.2968377	1.391966
132	-1076.878	-1189.948	113.0705	0.7152925	2.995219	1.732497	1.938165
138	-1737.679	-1852.071	114.3919	0.1901193	14.08846	0.03121141	1.576288
144	-1315.792	-1428.304	112.5121	0.1901193	0.02612426	67.29851	0.5113785
150	-1281.035	-1392.669	111.6336	0.7316884	10.57182	4.295289	0.5113785
156	-1063.65	-1174.212	110.5626	1.798505	10.57182	4.295289	0.5485475
162	-1161.55	-1280.508	118.958	0.2333221	0.02902769	0.8031862	0.8096701
168	-2456.226	-2574.223	117.9964	0.3163009	1.238577	0.1088298	0.2406158
174	-1127.543	-1243.467	115.9242	2.426242	0.2479213	0.105602	1.963704
180	-1113.169	-1229.187	116.0183	2.222819	0.08056392	0.7595056	1.493063
186	-1538.833	-1652.626	113.7923	1.080574	12.73455	0.2707557	0.5688823
192	-1072.443	-1185.37	112.9271	1.080574	2.179247	2.687661	1.694568
198	-1364.041	-1476.367	112.3258	0.2786165	2.827282	4.363009	2.003395
204	-1284.915	-1401.313	116.3986	1.576422	0.01936025	2.499989	0.8199982
210	-1088.897	-1198.201	109.3037	4.516871	8.743422	1.204783	1.065802
216	-1135.079	-1244.542	109.4633	4.516871	12.77501	0.8144104	0.4614899
222	-1735.383	-1851.114	115.7314	0.5113982	2.454209	0.8604176	0.6716121
228	-1631.725	-1745.776	114.0506	0.3848747	3.364771	3.070808	0.6323417
234	-1536.023	-1653.851	117.8273	0.3848747	0.4392629	0.4877275	1.014502
240	-1747.95	-1861.45	113.4999	2.309003	4.487704	0.007025343	1.879706
246	-1100.712	-1212.589	111.8767	2.757155	10.48144	0.05629745	1.794267
252	-1349.241	-1466.678	117.4374	0.167348	0.03821145	2.929372	0.9418525
258	-1199.938	-1315.16	115.2219	0.8945505	0.09295664	6.005575	1.17996
264	-1325.314	-1444.465	119.1515	1.270571	0.05412995	0.1550348	0.538906
270	-2738.705	-2855.46	116.755	0.1896479	5.877094	0.01197505	0.4277022
276	-1064.024	-1179.386	115.3625	1.830359	0.244735	2.68357	0.4961405
282	-2057.203	-2165.624	108.4209	1.830359	2.92042	12.34533	0.01777208
288	-1207.847	-1319.991	112.1443	2.58208	19.00397	0.05221751	0.9411908
294	-1295.902	-1408.782	112.8796	2.134332	0.03750316	19.2495	0.4235825
300	-1711.146	-1828.038	116.892	0.5767233	0.3368289	1.690174	0.3529987
306	-2383.955	-2502.335	118.3799	0.08503955	0.3368289	0.2496302	0.1058594
312	-1518.966	-1631.14	112.1735	0.08503955	1.63485	18.09018	1.106291
318	-1335.207	-1448.605	113.3983	0.2786001	12.95166	0.7108175	1.099147
324	-1589.839	-1705.716	115.8768	0.2618472	1.993805	0.8994889	1.050244
330	-948.0302	-1057.189	109.1586	1.512738	1.993805	5.801797	3.219414
336	-1753.929	-1870.866	116.9362	0.4226716	1.993805	0.3048619	0.6653838
342	-1688.25	-1803.323	115.0729	0.04652385	1.993805	2.937985	0.6752754
348	-1110.399	-1224.175	113.7761	2.72416	0.1226907	1.788168	1.968181
354	-1297.752	-1407.421	109.6691	2.018254	0.02740642	46.42763	2.093662
360	-1645.84	-1764.237	118.3969	0.2910206	0.2976228	0.2506468	1.285524
366	-1659.364	-1775.729	116.3645	0.2760559	0.7291802	1.730556	0.9072835
372	-888.7469	-1000.288	111.5412	3.596741	1.748173	3.225465	0.7007568
378	-1381.29	-1495.276	113.9862	1.061147	6.280826	0.09619365	1.917718
384	-1106.937	-1220.781	113.8434	0.6927018	0.1421422	6.606692	2.088459
390	-1379.425	-1491.846	112.4206	0.1055521	1.737446	6.606692	2.051656
396	-2582.385	-2700.975	118.5897	0.08314732	0.8567978	0.009919445	1.24162
402	-1212.58	-1329.999	117.4197	0.1159306	0.05246888	2.492091	1.135297
408	-1672.823	-1790.532	117.7088	1.458377	0.5361467	0.04139172	1.149447
414	-1432.142	-1547.6	115.4573	0.8944888	1.697952	1.008793	0.9052747
420	-1311.173	-1424.32	113.1471	0.8944888	5.402742	2.153809	0.9052747
426	-1541.194	-1653.679	112.485	0.8354213	7.072255	0.04904559	3.034452
432	-1077.259	-1190.454	113.195	2.017798	0.2423197	8.89707	1.005708
438	-1559.681	-1673.745	114.0635	0.6164977	1.303652	5.864928	0.6274006
444	-1411.384	-1527.344	115.9602	0.6247658	0.6342345	1.983906	0.9335402
450	-1697.2	-1810.102	112.9017	0.6247658	0.6342345	19.18329	0.4918119
456	-1063.077	-1173.905	110.8278	2.074096	5.898741	3.715562	1.216394
462	-1867.783	-1983.856	116.073	1.011831	1.81657	0.4826668	0.3278889
468	-1285.24	-1403.839	118.5985	1.011831	0.06326829	0.4826668	0.5291098
474	-1330.968	-1435.106	104.138	0.6327359	45.00314	23.78518	2.461261
480	-1803.392	-1915.611	112.2183	0.1071085	2.057083	18.50362	0.6711937
486	-1859.31	-1979.084	119.7746	0.009169064	0.08832831	0.04454854	1.536308
492	-1901.606	-2017.854	116.2488	0.148632	2.530343	0.04454854	1.997299
498	-1157.739	-1268.788	111.0482	0.4983907	11.50552	2.075633	1.997299
504	-1729.805	-1843.41	113.6046	0.2391624	11.01079	1.181445	0.4332604
510	-1718.525	-1834.898	116.3732	0.2645703	0.4506851	2.630616	0.281382
516	-1529.335	-1644.283	114.9481	1.113597	4.038293	0.5194599	0.3684156
522	-1213.621	-1322.748	109.1272	0.7627032	0.9614371	48.08749	1.952786
528	-1328.218	-1438.577	110.3588	0.023326	33.36671	0.3699421	2.620942
534	-1143.972	-1255.965	111.9929	1.215136	8.368659	2.817656	0.7197043
540	-1454.612	-1571.238	116.6268	0.5002746	0.01278997	4.9337	0.7342344
546	-2629.045	-2746.763	117.7179	0.5002746	2.285376	0.0229146	0.5547378
552	-1928.609	-2042.182	113.5722	0.3216841	26.76261	0.05193529	1.156756
558	-1881.818	-2000.994	119.1764	0.9279545	0.2334354	0.05193529	0.7463144
564	-1535.938	-1649.745	113.8062	0.1492467	0.9235402	9.980682	0.996094
570	-1391.14	-1509.6	118.46	0.3175559	0.03617578	1.237655	0.7394981
576	-1990.236	-2107.598	117.3629	0.3763319	0.3840905	1.237655	0.393986
582	-1311.393	-1426.993	115.6	0.9810076	0.03988321	2.877033	1.77907
588	-1319.659	-1434.788	115.129	0.9192509	0.1450552	7.680715	0.5086602
594	-1922.386	-2037.228	114.8421	1.05759	9.9076	0.03495359	0.9298873
600	-1352.687	-1468.742	116.055	1.606655	1.217674	0.4451722	0.5564627
606	-1669.966	-1785.205	115.239	1.646521	2.848556	0.02570909	1.61559
612	-1214.043	-1329.018	114.9751	0.6683278	0.1856959	5.90034	1.311745
618	-1393.843	-1506.729	112.8862	0.8836224	22.61066	0.1940164	1.034394
624	-2320.592	-2439.758	119.1661	0.7078588	0.2940068	0.06695244	0.3126169
630	-1187.329	-1300.065	112.7358	2.890815	4.045574	0.6965311	0.237761
636	-2300.436	-2416.315	115.879	1.713487	3.131974	0.03821945	0.2582073
642	-1008.618	-1123.486	114.8673	2.758661	0.8602639	0.3156026	1.305009
648	-981.4541	-1096.45	114.9957	2.758661	0.7510407	0.3156026	1.305009
654	-1650.576	-1769.309	118.7328	0.009800733	0.3085644	0.3664469	0.9731163
660	-1294.992	-1400.696	105.7045	0.3656884	51.2035	20.57531	1.596762
666	-1086.615	-1200.866	114.2509	3.092036	0.234968	1.469083	1.248553
672	-1172.314	-1278.797	106.4831	1.938532	36.69193	13.15983	0.7402664
678	-1051.517	-1159.313	107.7965	1.379205	9.837129	23.7933	1.264953
684	-2089.878	-2198.694	108.8158	0.07791435	7.715461	29.61657	0.09395137
690	-2496.823	-2612.483	115.6597	0.3848195	6.631089	0.1218933	0.2023771
696	-1311.337	-1428.238	116.9018	0.9504495	0.03679735	2.630045	0.8195666
702	-1490.601	-1602.574	111.9728	0.5500273	9.059904	4.540698	0.5697688
708	-1657.626	-1774.03	116.4042	0.5920051	1.49732	0.356957	1.279395
714	-906.5134	-1012.067	105.5536	7.127109	1.49732	17.46445	0.2710115
720	-909.1245	-1019.742	110.6179	2.335663	3.539894	5.163903	1.380914
726	-1291.447	-1405.13	113.683	0.1908021	0.293639	13.60846	1.456067
732	-975.9481	-1085.12	109.172	2.341209	4.267643	15.09333	0.9721062
738	-1911.798	-2025.204	113.4054	1.042115	0.004755372	13.89261	1.551216
744	-1646.128	-1764.3	118.1718	1.042115	0.3198389	0.1710964	0.9742982
750	-2122.285	-2239.541	117.2561	0.1166644	1.740223	0.09339593	1.457443
756	-911.28	-1021.675	110.3955	4.128241	2.815593	0.4318221	2.38063
762	-1110.483	-1220.971	110.488	2.706998	12.40997	1.679453	0.3224405
768	-1210.575	-1323.199	112.6234	1.689411	0.3194069	16.61564	0.432596
774	-1558.315	-1672.523	114.2078	0.4009472	5.785132	0.3577158	1.778929
780	-1482.289	-1597.921	115.6326	1.678264	2.166462	0.3025689	0.5087412
786	-2128.243	-2245.721	117.4784	1.049244	0.9890526	0.108234	0.2324638
792	-1585.675	-1694.939	109.2635	0.01937861	50.47066	4.493156	0.2324638
798	-1440.944	-1555.024	114.0799	0.005410403	3.520652	2.890842	1.087175
804	-1542.174	-1661.189	119.0142	0.01277006	0.009304707	0.700655	1.087175
810	-1180.501	-1285.562	105.0607	4.248695	0.08365422	164.1787	1.710267
816	-1714.723	-1830.107	115.3834	0.2996867	0.5791197	5.05168	0.4061746
822	-1262.429	-1378.234	115.805	0.8969602	0.5791197	0.5149761	1.96247
828	-1444.938	-1560.036	115.0975	1.390433	2.509497	0.08075293	1.823402
834	-1221.003	-1328.629	107.6266	1.172627	0.4361751	143.5284	1.599784
840	-1118.575	-1228.172	109.5966	1.759803	2.286401	27.71359	0.8529102
846	-2226.549	-2342.066	115.5166	0.04135125	0.3425469	4.533451	0.112767
852	-1798.379	-1912.024	113.6447	0.3738652	1.436535	8.272955	0.3317462
858	-862.1403	-973.4566	111.3162	3.642613	1.436535	0.9868216	2.134565
864	-2041.605	-2158.309	116.7034	0.1070561	1.070227	0.9868216	0.2141196
870	-1161.635	-1275.701	114.0656	2.293488	1.030109	1.619375	0.2276821
876	-1205.159	-1321.462	116.3022	0.4783917	0.09194345	1.619375	1.940503
882	-1305.257	-1418.177	112.9197	0.5007937	0.1340982	34.86442	0.7551431
888	-1246.639	-1360.303	113.6643	1.227581	0.1340982	15.63853	0.6934274
894	-1319.145	-1437.642	118.4978	1.878167	0.1041704	0.07123544	0.8357051
900	-1083.251	-1200.032	116.7802	1.39516	0.1383058	0.8729297	1.254618
906	-1780.838	-1897.799	116.9609	0.5227255	2.525712	0.09179614	0.9929345
912	-1113.146	-1223.211	110.0651	1.674404	3.597699	17.66946	0.4194686
918	-1799.111	-1912.374	113.2631	1.094711	3.597699	1.335957	0.07941087
924	-1194.87	-1305.415	110.5451	0.8022034	2.025817	12.80433	2.033369
930	-1056.465	-1167.501	111.0365	2.992028	17.69604	0.09674751	1.470191
936	-1124.394	-1234.9	110.5067	1.801312	18.03382	1.683228	0.1918774
942	-1854.685	-1971.214	116.529	0.1709398	0.4322448	2.172916	0.1918774
948	-1767.401	-1878.573	111.1724	0.2864896	29.28902	1.659596	0.1918774
954	-1147.284	-1261.805	114.5204	0.9083569	1.530058	0.8159553	1.898982
960	-1665.513	-1784.47	118.9574	0.2307636	0.3140911	0.1084299	1.220806
966	-1320.055	-1435.222	115.1679	0.9893646	0.8219107	0.2690472	2.426521
972	-1564.005	-1678.756	114.7511	0.02025957	7.517387	0.6647555	0.9222273
978	-1213.877	-1333.066	119.1895	1.705015	0.01040755	0.06317203	0.5944815
984	-1827.583	-1942.917	115.3344	1.086337	2.997511	0.361915	0.186236
990	-1147.317	-1260.287	112.9702	0.6351167	2.172493	0.7370809	2.861777
996	-1209.72	-1323.084	113.3635	0.889886	2.56336	0.251377	2.861777
