Iteration	Posterior	Likelihood	Prior	rate_log_sd	rate_loss	rate_neo	tree_length
0	-1228.751	-1345.713	116.9619	2.145303	0.0249402	0.9916845	0.3852547
6	-1219.029	-1335.715	116.6862	0.9983761	0.1149933	0.9916845	1.605076
12	-1142.356	-1255.687	113.3319	0.9983761	0.6004597	3.203654	2.223995
18	-1461.349	-1580.094	118.7445	0.725007	0.10861	0.3922503	0.7622144
24	-1007.846	-1119.352	111.5054	1.67541	2.377517	6.922856	1.262344
30	-1155.759	-1262.816	107.0569	0.7497687	6.275433	21.00975	2.797452
36	-1329.364	-1435.229	105.8658	2.928111	231.7828	0.2343185	1.073638
42	-1362.58	-1476.261	113.6806	0.1699266	0.3178587	8.473084	1.967896
48	-1148.756	-1265.212	116.4553	1.455822	0.2359385	0.247978	1.967896
54	-1124.523	-1242.687	118.1636	1.318136	0.01124266	0.1072678	1.744882
60	-1780.877	-1898.654	117.7776	0.7194712	0.6181786	0.3525	0.5443705
66	-1879.608	-1996.705	117.0967	0.312173	0.7120646	1.019913	0.3738522
72	-1362.563	-1479.989	117.4253	0.8818527	0.2085429	1.019913	0.7201527
78	-1374.109	-1490.435	116.3258	1.061555	0.5174465	1.385147	0.4063602
84	-1210.432	-1321.368	110.9351	2.204068	0.08710483	28.35232	1.540482
90	-1138.496	-1255.236	116.7404	1.070475	0.1480521	0.8345636	1.545088
96	-1104.374	-1219.148	114.7735	2.322262	0.8441147	1.167341	0.3527676
102	-1374.66	-1479.239	104.5792	1.821575	174.8654	6.213179	0.4944801
108	-932.4047	-1041.722	109.3169	1.966324	3.534031	12.64839	1.612955
114	-937.615	-1046.484	108.8692	2.034961	3.534031	4.419955	2.882974
120	-1005.758	-1118.03	112.2712	1.560505	6.742107	1.263559	1.349295
126	-1125.312	-1231.084	105.7716	5.459281	20.09821	3.363543	1.078265
132	-1432.387	-1548.046	115.6589	1.195763	2.171067	0.4957662	0.7227977
138	-1455.708	-1567.322	111.6141	0.2432454	20.73157	2.652643	0.4339175
144	-1103.698	-1215.951	112.2529	1.637205	3.337316	3.599406	1.070161
150	-920.2218	-1032.135	111.9129	2.57171	1.528584	0.5584125	2.722789
156	-1191.98	-1307.83	115.8497	1.280104	0.101754	0.148686	2.932751
162	-1162.375	-1272.561	110.1858	1.280104	0.2095116	41.92268	1.892032
168	-1491.004	-1607.764	116.7599	1.031585	1.141194	0.2129519	1.147148
174	-985.9934	-1101.74	115.7467	2.043701	0.3322218	0.7758091	1.219621
180	-1156.22	-1270.909	114.6887	0.6788749	0.2799086	5.842896	1.336918
186	-1001.36	-1116.709	115.3489	3.215674	0.2799086	0.6025523	0.7899878
192	-1178.422	-1296.051	117.6287	1.273984	0.05930335	0.9453312	0.7899878
198	-1005.193	-1115.799	110.6057	3.814558	0.4050206	8.336833	1.454062
204	-1149.101	-1265.354	116.2531	0.5882039	0.04364024	3.083285	1.515374
210	-1102.145	-1218.38	116.235	1.344543	0.3181762	0.5632976	1.628652
216	-1170.207	-1280.698	110.4914	0.1279627	1.403134	13.76717	2.684124
222	-1105.825	-1223.499	117.6742	0.9374991	0.02035308	0.2619966	2.02018
228	-998.4941	-1113.198	114.7035	3.217016	1.870444	0.07510934	0.9904341
234	-1745.128	-1857.607	112.4796	0.3446466	4.756609	6.827973	0.3335928
240	-1195.041	-1306.637	111.5958	1.079937	0.6049326	26.77578	0.9919356
246	-1178.916	-1286.936	108.0201	1.079937	35.45028	7.552894	1.041668
252	-1188.258	-1300.681	112.423	0.3777562	1.226807	1.030436	3.527612
258	-1473.668	-1590.813	117.1451	0.1067883	0.3988167	1.788263	0.727862
264	-1358.703	-1470.399	111.6958	0.118045	29.11258	1.436798	0.8354277
270	-962.2017	-1072.325	110.1233	0.8617758	5.410683	2.560357	2.911746
276	-916.1832	-1026.658	110.4747	1.59798	10.32179	2.441372	1.618089
282	-1025.205	-1142.232	117.027	0.9196695	0.03728472	2.378671	0.8528423
288	-1144.101	-1257.481	113.3802	0.4859428	2.282882	2.378671	1.858996
294	-1301.214	-1416.824	115.61	0.4144219	0.8127138	2.378671	1.050985
300	-1512.792	-1627.354	114.5621	0.007465324	2.549678	3.699357	0.452325
306	-1255.341	-1373.87	118.5281	0.02508791	0.09008439	0.8830572	1.083796
312	-1704.278	-1820.105	115.8267	0.02508791	4.514919	0.3580794	1.083796
318	-1392.077	-1505.05	112.9727	0.02989291	0.1308273	38.61344	1.026739
324	-1391.655	-1511.704	120.0486	0.189133	0.04156532	0.1316522	1.026739
330	-1013.882	-1126.336	112.454	1.617227	2.548659	3.204739	1.337918
336	-1360.183	-1473.133	112.9499	0.3381992	14.95222	0.9023444	1.028647
342	-1743.795	-1857.845	114.0494	0.1623525	14.95222	0.4599119	0.5820227
348	-1587.92	-1701.182	113.2629	0.07596518	6.283158	2.907946	1.02598
354	-1180.233	-1296.51	116.2768	1.502544	0.03350718	2.140635	1.164439
360	-1167.907	-1284.664	116.7573	1.013141	0.04116443	1.551959	1.442782
366	-1211.799	-1329.588	117.7887	1.013141	0.1282489	0.2183014	1.644964
372	-1098.108	-1201.664	103.5565	2.034246	3.708235	290.7401	1.024351
378	-1220.048	-1335.344	115.2958	0.7942887	1.871766	0.5851471	1.480785
384	-989.5991	-1104.765	115.1655	4.692997	0.3967036	0.03475574	0.6749863
390	-1579.431	-1697.508	118.0771	1.018113	0.6968203	0.1064448	0.5490503
396	-1417.629	-1533.635	116.0069	1.282087	1.809032	0.1837049	1.223232
402	-1011.62	-1125.115	113.4952	1.282087	0.417192	2.5022	2.330015
408	-1250.559	-1361.101	110.542	0.3329442	0.1308973	32.67153	2.739201
414	-1091.33	-1206.177	114.847	1.444665	1.065729	1.69618	0.9119009
420	-1057.838	-1169.514	111.6761	1.156054	3.173536	1.69618	2.521484
426	-1129.467	-1238.832	109.365	0.6612489	15.38704	1.758019	2.779862
432	-1619.526	-1736.725	117.1989	0.03263248	0.09855991	3.609272	0.3385823
438	-1810.531	-1926.286	115.7551	0.5190222	0.2837904	3.609272	0.164769
444	-1198.164	-1312.414	114.2497	1.703284	0.7100792	3.622401	0.4013038
450	-1174.953	-1288.908	113.9548	1.703284	0.9675402	3.622401	0.4013038
456	-1138	-1250.38	112.3792	2.73767	0.08041997	5.826122	1.991426
462	-1024.506	-1139.321	114.8152	3.494414	0.1465989	1.191818	0.7757693
468	-904.7163	-1015.629	110.9122	3.494414	1.006966	4.068356	1.630545
474	-1249.11	-1353.743	104.6332	4.199291	295.6149	0.140751	0.6844537
480	-842.557	-952.6353	110.0784	2.87252	5.871845	5.217783	0.6464123
486	-1137.117	-1253.753	116.6353	2.071935	0.4142785	0.06257351	1.595155
492	-1287.741	-1400.971	113.2302	0.2774149	2.812461	0.3815689	3.063362
498	-1232.638	-1348.013	115.3749	0.5416409	0.06270859	5.509589	1.547788
504	-930.1171	-1043.116	112.9993	2.312017	4.08006	0.3982072	1.567389
510	-1498.868	-1615.77	116.9017	0.0229718	1.522999	0.4979038	1.099549
516	-1397.835	-1509.906	112.0709	0.06589656	4.204794	10.03014	1.033665
522	-959.3201	-1071.213	111.893	3.281042	6.553433	0.5878537	0.8159249
528	-938.8413	-1051.149	112.3081	1.652162	1.816596	4.816488	1.311933
534	-1393.361	-1512.542	119.1805	0.7989736	0.05588335	0.2827909	0.712075
540	-1152.495	-1267.785	115.2903	3.557381	0.05588335	0.9234364	0.9060684
546	-861.1116	-973.2552	112.1436	3.232956	2.279207	1.451265	1.149884
552	-1197.678	-1304.091	106.4134	1.652836	102.3949	0.432998	2.579361
558	-1073.623	-1183.645	110.0223	2.557732	1.538034	17.82731	0.2514965
564	-1141.534	-1257.285	115.7505	1.251565	0.8106101	0.9050452	1.128407
570	-1206.665	-1324.323	117.6587	1.207659	0.1766079	0.3013214	1.307191
576	-1170.21	-1284.535	114.3246	1.036061	0.2506251	7.34508	1.121032
582	-1051.754	-1164.516	112.7623	0.6312653	0.140519	10.63733	2.358765
588	-876.8412	-985.1332	108.292	3.830259	2.334572	6.981663	2.035211
594	-1354.909	-1470.955	116.046	0.3089044	0.9582842	1.132279	1.347278
600	-1298.828	-1411.043	112.2155	0.4873894	15.12935	0.9352467	1.473582
606	-1119.768	-1230.627	110.859	0.9939286	15.12935	1.291394	1.846088
612	-1545.129	-1660.836	115.7065	1.150144	2.024119	0.09474714	1.702947
618	-1291.314	-1409.286	117.9722	1.506896	0.1819327	0.3110227	0.5269921
624	-895.3464	-1003.279	107.9324	3.269771	2.590379	29.24198	0.7190434
630	-1729.348	-1845.293	115.9443	0.200885	3.563726	0.5245935	0.7825958
636	-892.636	-1004.935	112.2994	4.247741	2.135547	0.7830956	0.4760364
642	-1067.727	-1181.585	113.8584	1.469896	3.341799	0.6546733	1.443211
648	-1219.082	-1333.14	114.0577	0.2240549	0.5001899	1.935484	2.73955
654	-1627.74	-1742.401	114.6617	0.1253328	7.032124	0.7959735	0.8267279
660	-1771.841	-1887.369	115.529	0.3466904	6.774858	0.2241879	0.7744283
666	-2001.548	-2120.782	119.2333	0.4624708	0.2765463	0.07954282	0.9471726
672	-1615.868	-1731.703	115.8352	0.03413245	0.4656572	5.005759	0.6305229
678	-1350.054	-1462.795	112.7411	0.01506691	4.612372	1.394817	2.391725
684	-1687.072	-1803.585	116.5131	0.09888598	0.7543417	0.1589529	2.391725
690	-997.8976	-1109.559	111.6611	1.442765	1.401159	7.529286	1.687294
696	-1267.006	-1381.771	114.7654	0.4840251	0.06612658	7.529286	1.687294
702	-1093.309	-1205.674	112.3645	1.058439	1.707788	5.204788	1.687294
708	-1278.078	-1394.187	116.109	0.2606625	0.03845113	8.407307	0.5649759
714	-1750.496	-1862.24	111.7443	0.2042991	6.796444	8.407307	0.2918072
720	-1480.374	-1597.397	117.0223	1.808491	0.782269	0.1444197	0.5953461
726	-1343.353	-1456.848	113.495	0.8687081	0.1918038	19.66982	0.4887744
732	-1521.908	-1635.989	114.0805	0.0412212	0.5403843	13.31217	0.8410071
738	-1287.462	-1402.845	115.3831	0.01092379	0.2422004	5.034875	1.552236
744	-926.6567	-1038.853	112.1961	2.816469	2.899082	1.210068	1.366953
750	-1063.68	-1181.773	118.0926	1.53944	0.03800299	0.3318591	1.08407
756	-1017.103	-1129.28	112.1764	1.50309	7.819048	2.173876	0.6210895
762	-1285.427	-1402.628	117.2016	0.4789308	0.175081	0.8027935	1.600848
768	-1341.185	-1455.586	114.4003	1.313636	4.482964	0.6431048	0.6998944
774	-1122.926	-1239.619	116.6931	0.8588047	0.04897298	2.125913	1.299489
780	-1148.998	-1267.786	118.7883	1.305662	0.01523811	0.1095544	1.299489
786	-1359.128	-1473.1	113.9719	0.340648	9.240603	0.1982082	1.771991
792	-1029.764	-1142.437	112.6722	0.8110253	1.3608	1.411937	2.861799
798	-1247.794	-1363.216	115.4213	0.3208585	0.117404	9.336224	0.7734259
804	-1225.979	-1340.901	114.9215	0.346722	0.117404	6.224464	1.713903
810	-1106.251	-1217.844	111.5939	2.551598	0.1899703	11.64915	1.648352
816	-1213.856	-1333.485	119.6287	0.8001785	0.02290655	0.1353474	0.8938986
822	-1160.57	-1275.126	114.5555	1.652542	4.463874	0.2890176	0.8938986
828	-1315.653	-1434.632	118.9793	0.4395721	0.05765882	0.2890176	1.269611
834	-1188.651	-1300.762	112.111	1.944249	1.091086	8.876746	0.2375912
840	-1128.254	-1242.537	114.2828	0.8792681	0.8795942	0.8415386	2.427459
846	-1179.004	-1296.615	117.6113	1.452588	0.09675435	0.2436824	1.494863
852	-1424.031	-1538.8	114.7691	1.26333	5.531555	0.08289702	1.38281
858	-1344.917	-1462.307	117.3895	0.5515951	0.2377457	0.3964952	1.715131
864	-1247.865	-1362.944	115.0782	0.5097158	0.7657281	1.554493	1.819007
870	-1367.197	-1480.836	113.6389	0.1307158	1.109569	5.969998	1.632129
876	-1546.714	-1663.747	117.0335	0.3970287	0.2291766	2.252659	0.603323
882	-1519.807	-1636.978	117.1715	0.3305454	0.2638245	1.994455	0.5155476
888	-1372.596	-1486.245	113.6495	0.0012712	0.07027207	30.03166	1.104101
894	-1330.167	-1446.787	116.6207	0.005367098	0.03408289	6.847681	0.7292749
900	-1809.912	-1927.038	117.1265	0.0009447157	1.471942	0.6044062	0.7292749
906	-1393.225	-1508.053	114.8275	0.001064718	0.6861598	6.393312	1.077177
912	-1084.024	-1193.728	109.7043	1.954056	10.43184	0.08354734	3.563751
918	-1106.656	-1219.493	112.8368	1.250583	10.43184	0.6058733	1.171962
924	-2021.671	-2136.992	115.321	0.4164319	3.789097	0.6736298	0.2344898
930	-1213.641	-1328.446	114.8048	2.293648	1.07457	0.8105861	0.2591684
936	-1124.978	-1238.791	113.8131	0.464499	0.1343268	1.881933	3.284019
942	-1401.852	-1515.118	113.2663	0.2549069	4.484348	3.357262	1.129663
948	-1954.422	-2073.846	119.4248	0.01228817	0.2274805	0.1498219	1.051286
954	-2226.035	-2342.212	116.1772	0.0008191114	1.71865	0.03247013	2.471364
960	-1797.665	-1914.225	116.5602	1.027921	1.71865	0.2758655	0.3506015
966	-1229.487	-1337.365	107.8784	0.06465698	0.2623671	83.56775	3.137927
972	-1670.445	-1780.562	110.1167	0.3766842	0.0124236	177.0411	0.7640059
978	-1539.867	-1655.002	115.135	0.3766842	0.1084773	10.61393	0.2593736
984	-1060.823	-1167.987	107.1635	1.850816	10.51416	4.831067	2.993759
990	-1089.817	-1204.065	114.2479	1.850816	2.029384	1.289218	0.4300808
996	-1102.979	-1219.807	116.8282	0.69834	0.02250253	0.131138	2.950411
