Iteration	Posterior	Likelihood	Prior	rate_log_sd	rate_loss	rate_neo	tree_length
0	-310.7248	-423.8373	113.1125	0.2770651	9.733913	1.412309	1.151964
6	-307.3574	-419.807	112.4495	0.3372821	11.38286	1.493711	1.393664
12	-289.6771	-403.0014	113.3243	1.128589	8.567487	0.9026204	0.7034735
18	-304.3854	-417.9866	113.6012	1.218317	2.461136	2.438151	1.022822
24	-328.9665	-442.9305	113.964	1.062251	3.161831	1.879198	0.7841585
30	-317.1031	-430.0672	112.9641	0.6646533	4.437281	1.879198	1.620471
36	-289.3501	-402.6129	113.2628	0.4479286	1.854783	2.318963	2.146633
42	-284.8515	-398.2389	113.3873	0.8748661	4.339589	1.822767	1.176472
48	-290.6747	-399.9696	109.2949	1.317572	2.778738	31.07635	1.14758
54	-289.391	-400.4485	111.0575	0.9977134	1.492977	5.98117	2.554122
60	-309.476	-422.9735	113.4976	0.807779	3.377593	1.550042	1.552481
66	-298.1145	-408.5659	110.4514	0.755996	4.413993	10.52063	1.666152
72	-309.5659	-422.9171	113.3512	1.181891	3.508655	2.366219	0.8891386
78	-284.2393	-397.0241	112.7847	1.181891	2.139639	4.678024	1.180519
84	-298.0569	-404.5214	106.4645	1.181891	4.036563	81.78083	1.593778
90	-283.8567	-395.9178	112.061	1.181891	2.353428	9.261039	0.7675566
96	-307.5539	-418.9663	111.4124	1.062728	2.684733	8.251906	1.491582
102	-300.6521	-414.6257	113.9736	1.062728	2.993664	0.9690576	1.491582
108	-297.8524	-409.5725	111.72	1.014968	3.101621	10.08587	0.8080349
114	-282.9282	-396.6127	113.6844	1.174577	2.804558	1.10024	1.589271
120	-294.8861	-408.7304	113.8443	1.174577	2.925318	1.858065	0.9285792
126	-291.5257	-401.0415	109.5157	1.186574	2.864157	22.72564	1.503424
132	-282.0502	-394.7638	112.7137	0.9435432	4.378767	2.51534	1.349909
138	-300.1834	-413.2498	113.0664	0.8172035	2.482499	3.747253	1.349909
144	-298.3025	-411.535	113.2325	0.8999745	1.371885	6.512076	1.059789
150	-290.2687	-401.1526	110.8839	1.371673	1.215011	22.30753	1.067843
156	-291.8145	-402.9596	111.1451	1.371673	1.662699	16.41124	1.001041
162	-309.6365	-423.6974	114.0609	1.202473	1.634644	1.665565	1.433916
168	-287.822	-400.821	112.9989	0.9217343	1.309538	5.780087	1.425524
174	-303.0628	-417.3307	114.2679	0.9217343	1.309538	2.280926	1.395031
180	-276.8127	-390.5358	113.7231	0.4410004	1.963291	3.634254	1.38237
186	-296.7196	-407.7016	110.9819	0.8771483	3.155221	14.99644	1.036917
192	-275.4767	-387.6906	112.2139	0.9627711	5.763189	4.643051	0.4884118
198	-281.6038	-394.1853	112.5815	0.802677	5.771529	2.346225	1.326322
204	-285.8928	-398.7139	112.8211	1.005297	1.855335	5.711614	1.202723
210	-282.0387	-394.6106	112.5719	0.9070828	5.930957	3.336182	0.7586257
216	-280.9015	-392.7821	111.8806	1.135432	8.606362	3.336182	0.5657529
222	-270.9017	-383.5418	112.6401	1.508411	1.865902	6.272724	0.3423666
228	-280.5923	-392.5945	112.0022	0.8091867	3.924686	5.980518	1.214243
234	-294.0195	-406.1472	112.1277	1.034728	7.060782	3.017339	0.9836308
240	-304.1475	-416.6598	112.5123	0.6259354	6.094022	2.296225	1.476751
246	-312.6698	-426.5433	113.8735	0.1493212	3.567819	2.036412	1.476751
252	-309.6755	-420.4956	110.8201	0.1083812	4.043706	11.66329	1.829389
258	-324.3797	-435.9533	111.5737	0.1544636	4.043706	6.961473	1.829389
264	-326.8426	-438.0191	111.1766	0.1799899	3.226433	11.19918	1.784806
270	-325.6393	-438.564	112.9246	0.0767316	5.452851	2.124576	1.759136
276	-324.5235	-437.0841	112.5606	0.165511	7.258037	2.698122	1.443638
282	-337.9465	-450.2711	112.3247	0.03222182	2.174487	2.911533	2.704808
288	-329.6483	-441.2222	111.5738	0.01810872	3.359615	2.920899	2.837633
294	-312.0986	-425.6635	113.5649	0.004416767	2.082556	5.364141	1.375763
300	-287.3911	-399.1185	111.7275	0.009943883	1.606854	9.736785	2.23897
306	-289.6338	-402.5574	112.9236	0.06023089	1.522731	3.521422	2.41714
312	-291.9245	-405.5101	113.5856	0.05480116	4.456306	1.590614	1.74288
318	-292.1286	-405.1455	113.0168	0.0119441	5.63617	2.865059	1.43764
324	-280.632	-394.4835	113.8515	0.06650575	3.084352	2.27706	1.596135
330	-286.7437	-399.2315	112.4878	0.1264533	7.150437	2.27706	1.6951
336	-294.0091	-407.441	113.4319	0.9142515	7.150437	1.386257	0.5514617
342	-295.0822	-405.4807	110.3985	0.7895953	2.947864	23.25307	1.035264
348	-297.3525	-408.5326	111.1801	1.595771	2.111673	8.688577	1.424863
354	-291.6129	-404.8062	113.1933	1.252724	3.056282	3.205873	0.7402782
360	-296.1644	-410.417	114.2526	0.7393916	5.002946	0.655547	1.276662
366	-291.0489	-404.9197	113.8708	0.2651638	6.95449	0.8085609	1.425507
372	-313.6435	-426.3143	112.6708	0.2058669	2.897881	4.117671	1.851727
378	-295.8449	-407.845	112.0001	0.7922757	4.929853	4.878779	1.210898
384	-287.0883	-399.7801	112.6918	0.926745	4.177316	3.474079	1.088538
390	-313.6611	-425.8227	112.1616	0.8786082	2.199048	9.981711	0.9662592
396	-300.9128	-413.1568	112.244	0.5770982	5.887036	4.823668	0.9647906
402	-312.3762	-424.931	112.5548	0.8462192	4.206855	2.659453	1.535132
408	-320.7859	-434.224	113.4381	0.9211399	2.953634	2.659453	1.139615
414	-298.4403	-411.3204	112.8801	0.8265948	5.487873	2.083411	1.237714
420	-300.2073	-410.0865	109.8792	1.186551	2.263579	16.66638	1.837202
426	-295.6345	-406.9868	111.3523	0.6738304	2.124351	9.214681	1.892622
432	-296.257	-409.0761	112.8191	1.054938	6.292497	2.459882	0.5475588
438	-302.2114	-414.3338	112.1224	1.054938	6.292497	4.223949	0.5333095
444	-299.5875	-412.1314	112.5439	0.8975996	3.936504	5.198975	0.7687637
450	-288.9682	-400.7979	111.8297	1.90592	3.016521	5.663243	0.6551581
456	-292.9547	-404.966	112.0113	1.633718	3.777318	4.965423	0.616692
462	-293.2219	-405.2994	112.0775	1.747001	1.847447	7.759462	0.3230059
468	-301.1049	-414.5905	113.4855	1.747001	1.789581	2.985387	0.6589621
474	-293.9368	-406.7167	112.7799	1.625826	4.720356	2.0822	0.3233125
480	-291.6792	-404.9305	113.2514	1.016123	2.738903	2.720763	1.274986
486	-292.1542	-405.1394	112.9853	0.2976837	3.202346	2.720763	1.85548
492	-312.9187	-424.7519	111.8333	0.5306151	5.15674	4.576336	1.566802
498	-317.3413	-428.8128	111.4715	0.7229683	5.15674	6.392067	1.333179
504	-310.8748	-421	110.1252	1.232866	3.309189	17.59341	1.189975
510	-311.7379	-423.9766	112.2387	0.8493103	1.936308	6.044048	1.670667
516	-309.7075	-421.438	111.7304	0.4088912	4.736422	4.43724	1.840245
522	-312.6298	-424.1742	111.5444	0.4309946	2.813883	6.838222	1.999968
528	-312.3496	-423.5749	111.2253	0.8096873	2.027139	6.144366	2.323222
534	-299.6377	-413.581	113.9432	0.6298703	4.379689	1.776166	0.8901271
540	-310.3989	-422.9682	112.5692	0.6988492	3.46842	4.121231	1.399705
546	-316.8903	-428.6383	111.748	0.9047279	2.765262	12.07504	0.7209401
552	-309.1519	-420.496	111.344	1.356206	2.621841	10.21563	1.054437
558	-308.648	-420.8326	112.1846	1.113017	4.472108	2.762736	1.514512
564	-289.4239	-402.2184	112.7945	1.085221	1.749999	7.21766	0.8845754
570	-301.0783	-412.612	111.5337	1.453355	2.42957	10.57059	0.7803906
576	-288.0791	-397.3208	109.2417	1.259399	2.42957	45.84393	0.4863359
582	-289.4732	-398.205	108.7317	1.423132	3.212158	43.91127	0.7269797
588	-287.5052	-400.1997	112.6945	1.99194	1.919866	4.176129	0.3403638
594	-296.6035	-410.6976	114.0941	1.824475	2.337568	1.311176	0.4562648
600	-275.1797	-388.0344	112.8548	1.914302	2.217125	3.448542	0.3376414
606	-270.5849	-381.7001	111.1152	1.914302	3.946038	7.139813	0.3513604
612	-283.7771	-395.0874	111.3104	1.915798	1.302063	14.67097	0.3513604
618	-288.6071	-400.027	111.4199	1.157956	4.123045	9.535564	0.556879
624	-331.2407	-446.6412	115.4005	1.009461	1.065354	1.852947	0.5455713
630	-311.397	-425.4621	114.0651	1.856455	3.994692	0.6294281	0.6370384
636	-308.7205	-423.1219	114.4013	1.856455	3.299999	0.3365477	1.137362
642	-308.854	-418.5595	109.7056	0.9032534	3.116367	23.38585	1.454243
648	-312.9353	-424.7699	111.8347	0.5610035	1.786156	9.633281	1.729176
654	-323.2693	-436.9818	113.7124	0.932038	0.7381563	3.840697	1.729176
660	-334.0732	-448.6392	114.5659	0.6926525	0.9889591	2.937807	1.321946
666	-319.2349	-433.495	114.2601	0.7545574	2.332568	1.760766	1.25104
672	-285.2235	-398.1191	112.8955	0.941953	1.31597	7.321557	1.208318
678	-259.9333	-372.313	112.3797	0.8820173	2.240464	8.863365	0.9033714
684	-294.9607	-407.4248	112.4641	1.687896	5.483071	2.308884	0.468628
690	-303.7484	-417.9133	114.1649	1.749394	1.119839	2.685468	0.5400586
696	-306.6918	-422.4602	115.7684	1.734924	1.119839	0.5847307	0.6188995
702	-297.1852	-411.1543	113.9691	2.04122	3.853275	0.6109357	0.4118074
708	-281.366	-393.7146	112.3485	1.621941	3.230131	4.614908	0.4494776
714	-285.1797	-397.3469	112.1672	1.928798	3.230131	3.871573	0.2940881
720	-288.5058	-402.9254	114.4195	1.253214	3.756841	0.8957644	0.644741
726	-321.0516	-434.6574	113.6058	1.253214	2.905678	2.568917	0.6047533
732	-302.3909	-415.1917	112.8008	0.9194793	5.224182	3.048188	0.8346482
738	-320.7056	-433.3066	112.601	0.9711093	3.808612	5.174166	0.6269978
744	-290.3899	-404.3205	113.9305	0.9711093	1.738882	2.174847	1.420162
750	-311.5626	-422.9236	111.361	0.715219	4.284026	9.263388	1.179518
756	-308.8205	-422.1363	113.3159	0.6058099	1.725334	2.492861	2.004178
762	-292.1257	-403.8118	111.6861	0.498757	5.5462	3.417191	1.896298
768	-287.1489	-398.3166	111.1677	0.5378686	2.304325	7.642625	2.229309
774	-309.4518	-423.0554	113.6037	0.8612069	2.222027	3.919016	0.8860571
780	-311.6879	-422.9737	111.2858	1.238734	3.325972	9.658973	1.017305
786	-307.3643	-420.967	113.6028	1.264234	3.325972	1.622889	1.069957
792	-286.6531	-400.4478	113.7947	0.9758785	3.325972	1.622889	1.157516
798	-292.3312	-405.4212	113.0899	1.165108	1.525116	5.979162	0.9462024
804	-299.2111	-411.0898	111.8787	1.710121	5.953586	3.292195	0.4667629
810	-307.0717	-419.3778	112.3061	0.9651487	4.330506	5.760099	0.4667629
816	-297.5904	-407.7635	110.1731	1.670584	3.797229	16.05408	0.4667629
822	-294.5977	-408.1545	113.5568	1.461484	3.875667	1.640382	0.4208772
828	-276.0183	-386.0161	109.9979	1.423325	2.514766	16.68666	1.489527
834	-290.8518	-403.4578	112.606	0.5009797	3.591877	3.089597	1.762274
840	-275.8208	-388.0157	112.1949	0.7659292	5.267179	4.360736	1.117578
846	-273.3964	-385.3882	111.9918	0.7659292	4.77337	3.423942	1.642528
852	-272.8071	-384.6341	111.827	1.154886	3.026506	6.894645	1.181149
858	-277.9901	-389.7768	111.7867	0.4818811	2.814904	6.268158	1.888406
864	-295.1898	-408.1855	112.9956	0.2513309	5.070399	2.343645	1.572935
870	-292.6922	-404.9942	112.302	0.6610472	4.777972	5.712094	0.870991
876	-293.0228	-405.8812	112.8584	0.2409258	2.747323	4.737474	1.606968
882	-311.3069	-423.3341	112.0272	1.403766	2.712986	6.819466	0.8952134
888	-320.1722	-434.5882	114.4159	1.019149	3.118234	0.8988772	1.190205
894	-304.9459	-418.2918	113.3459	0.319909	5.655949	2.179607	1.190205
900	-308.0396	-420.6023	112.5628	0.487595	12.1935	1.583402	1.015933
906	-316.4667	-429.9712	113.5045	0.2151442	7.126068	1.8524	1.005689
912	-315.4168	-427.42	112.0032	0.5657173	3.428471	4.415878	1.849026
918	-291.6104	-403.5455	111.9351	0.6788746	5.114717	5.048877	1.276765
924	-296.361	-408.6493	112.2883	0.51156	4.201805	3.216846	1.793688
930	-299.2835	-408.9602	109.6768	0.6876159	4.199106	10.45129	2.284851
936	-294.6219	-406.3757	111.7538	0.6876159	3.716269	6.127687	1.535348
942	-303.5352	-414.8069	111.2717	0.3733431	3.716269	6.127687	2.087041
948	-299.5453	-410.7156	111.1704	0.7773222	7.52908	6.127687	1.128054
954	-296.2591	-407.7802	111.5211	1.379254	4.911727	5.507955	0.955343
960	-302.287	-415.881	113.594	1.555123	1.882054	2.987115	0.7051464
966	-315.1834	-428.3072	113.1239	1.84382	2.982637	2.279764	0.6156773
972	-330.4458	-441.7971	111.3513	1.353229	1.518637	18.4167	0.616805
978	-333.7132	-448.2894	114.5762	1.626128	1.872792	0.8363601	1.123747
984	-323.6586	-437.0388	113.3802	1.45398	2.261617	3.229766	0.7012553
990	-323.2139	-435.4322	112.2184	1.202398	3.55715	4.474381	1.15431
996	-294.5749	-405.3714	110.7965	1.117277	2.798677	12.03369	1.427085
